Feb 22 10:43:00 设定远程仓库地址...
Feb 22 10:43:00 HEAD is now at 561e9c2 多了个回车
Feb 22 10:43:00 git pull拉取最新代码...
Feb 22 10:43:03 Updating 561e9c2..61304f6
Feb 22 10:43:03 Fast-forward
Feb 22 10:43:03  jd_beauty.js     | 14 +++++++++-----
Feb 22 10:43:03  jd_joy_steal.js  |  8 ++++----
Feb 22 10:43:03  jd_small_home.js |  2 +-
Feb 22 10:43:03  3 files changed, 14 insertions(+), 10 deletions(-)
Feb 22 10:43:03 Current branch master is up to date.
Feb 22 10:43:03 npm install 安装最新依赖
Feb 22 10:43:12 up to date in 6.723s
Feb 22 10:43:12 
Feb 22 10:43:12 11 packages are looking for funding
Feb 22 10:43:12   run `npm fund` for details
Feb 22 10:43:12 
Feb 22 10:43:12 ------------------------------------------------执行定时任务任务shell脚本------------------------------------------------
Feb 22 10:43:12 定义定时任务合并处理用到的文件路径...
Feb 22 10:43:12 默认文件定时任务文件路径为 /scripts/docker/crontab_list.sh
Feb 22 10:43:12 合并后定时任务文件路径为 /scripts/docker/merged_list_file.sh
Feb 22 10:43:12 第1步将默认定时任务列表添加到并后定时任务文件...
Feb 22 10:43:12 第2步判断是否存在自定义任务任务列表并追加...
Feb 22 10:43:12 当前只使用了默认定时任务文件 crontab_list.sh ...
Feb 22 10:43:12 第3步判断是否配置了随即延迟参数...
Feb 22 10:43:12 未配置随即延迟对应的环境变量，故不设置延迟任务...
Feb 22 10:43:12 第4步判断是否配置自定义shell执行脚本...
Feb 22 10:43:12 未配置自定shell脚本文件，跳过执行。
Feb 22 10:43:12 第5步删除不运行的脚本任务...
Feb 22 10:43:12 第6步设定下次运行docker_entrypoint.sh时间...
Feb 22 10:43:12 删除原有docker_entrypoint.sh任务
Feb 22 10:43:12 设定 docker_entrypoint.sh cron为：
Feb 22 10:43:12 32 20 * * * docker_entrypoint.sh >> /scripts/logs/default_task.log 2>&1
Feb 22 10:43:12 第7步增加 |ts 任务日志输出时间戳...
Feb 22 10:43:12 第8步执行proc_file.sh脚本任务...
Feb 22 10:43:12 整理各个日志文件里面的互助码相关信息。。。
Feb 22 10:43:12 ===========================================================================
Feb 22 10:43:12 提取京东赚赚助力码完成
Feb 22 10:43:12 提取东东工厂助力码完成
Feb 22 10:43:12 提取京喜工厂助力码完成
Feb 22 10:43:12 提取京东种豆助力码完成
Feb 22 10:43:12 提取京东农场助力码完成
Feb 22 10:43:12 提取东东萌宠助力码完成
Feb 22 10:43:12 提取crazyJoy任务助力码完成
Feb 22 10:43:12 互助码排序和去重完成
Feb 22 10:43:12 ===========================================================================
Feb 22 10:43:12 整理完成，具体结果请查看/scripts/logs/sharecode.log文件
Feb 22 10:43:12 处理jd_crazy_joy_coin任务。。。
Feb 22 10:43:12 默认启用jd_crazy_joy_coin杀掉jd_crazy_joy_coin任务，并重启
Feb 22 10:43:12 默认jd_crazy_joy_coin重启完成
Feb 22 10:43:12 第9步加载最新的定时任务文件...
Feb 22 10:43:12 第10步将仓库的docker_entrypoint.sh脚本更新至系统/usr/local/bin/docker_entrypoint.sh内...
Feb 22 10:43:12 --------------------------------------------------默认定时任务执行完成---------------------------------------------------
Feb 22 10:43:12 默认定时任务执行结束。
