Feb 22 07:01:01 
Feb 22 07:01:01 🔔美丽研究院, 开始!
Feb 22 07:01:01 
Feb 22 07:01:01 ====================共有1个京东账号Cookie=========
Feb 22 07:01:01 
Feb 22 07:01:01 ==================脚本执行- 北京时间(UTC+8)：2/22/2021, 7:01:01 AM=====================
Feb 22 07:01:01 
Feb 22 07:01:05 
Feb 22 07:01:05 ******开始【京东账号1】jd_wPcJDZeiQcAi*********
Feb 22 07:01:05 
Feb 22 07:01:05 
Feb 22 07:01:05 ==============📣系统通知📣==============
Feb 22 07:01:05 美丽研究院
Feb 22 07:01:05 【提示】cookie已失效
Feb 22 07:01:05 京东账号1 jd_wPcJDZeiQcAi
Feb 22 07:01:05 请重新登录获取
Feb 22 07:01:05 https://bean.m.jd.com/
Feb 22 07:01:05 您未提供push+推送所需的PUSH_PLUS_TOKEN，取消push+推送消息通知
Feb 22 07:01:05 
Feb 22 07:01:09 您未提供企业微信机器人推送所需的QYWX_KEY，取消企业微信推送消息通知
Feb 22 07:01:09 
Feb 22 07:01:09 您未提供企业微信应用消息推送所需的QYWX_AM，取消企业微信应用消息推送消息通知
Feb 22 07:01:09 
Feb 22 07:01:09 您未提供iGot的推送IGOT_PUSH_KEY，取消iGot推送消息通知
Feb 22 07:01:09 
Feb 22 07:01:09 token is not exist
Feb 22 07:01:09 
Feb 22 07:01:09 Telegram发送通知消息完成。
Feb 22 07:01:09 
Feb 22 07:01:09 找不到 Key 对应的 DeviceToken, 请确保 Key 正确! Key 可在 App 端注册获得。
Feb 22 07:01:09 
Feb 22 07:01:09 
Feb 22 07:01:09 🔔美丽研究院, 结束! 🕛 8.332 秒
Feb 22 07:01:09 
Feb 22 12:01:01 
Feb 22 12:01:01 🔔美丽研究院, 开始!
Feb 22 12:01:01 
Feb 22 12:01:01 ====================共有1个京东账号Cookie=========
Feb 22 12:01:01 
Feb 22 12:01:01 ==================脚本执行- 北京时间(UTC+8)：2/22/2021, 12:01:01 PM=====================
Feb 22 12:01:01 
Feb 22 12:01:04 
Feb 22 12:01:04 ******开始【京东账号1】jd_wPcJDZeiQcAi*********
Feb 22 12:01:04 
Feb 22 12:01:04 
Feb 22 12:01:04 ==============📣系统通知📣==============
Feb 22 12:01:04 美丽研究院
Feb 22 12:01:04 【提示】cookie已失效
Feb 22 12:01:04 京东账号1 jd_wPcJDZeiQcAi
Feb 22 12:01:04 请重新登录获取
Feb 22 12:01:04 https://bean.m.jd.com/
Feb 22 12:01:04 您未提供push+推送所需的PUSH_PLUS_TOKEN，取消push+推送消息通知
Feb 22 12:01:04 
Feb 22 12:01:07 您未提供企业微信机器人推送所需的QYWX_KEY，取消企业微信推送消息通知
Feb 22 12:01:07 
Feb 22 12:01:07 您未提供企业微信应用消息推送所需的QYWX_AM，取消企业微信应用消息推送消息通知
Feb 22 12:01:07 
Feb 22 12:01:07 您未提供iGot的推送IGOT_PUSH_KEY，取消iGot推送消息通知
Feb 22 12:01:07 
Feb 22 12:01:07 token is not exist
Feb 22 12:01:07 
Feb 22 12:01:07 Telegram发送通知消息完成。
Feb 22 12:01:07 
Feb 22 12:01:07 找不到 Key 对应的 DeviceToken, 请确保 Key 正确! Key 可在 App 端注册获得。
Feb 22 12:01:07 
Feb 22 12:01:07 
Feb 22 12:01:07 🔔美丽研究院, 结束! 🕛 6.525 秒
Feb 22 12:01:07 
