Feb 22 08:07:02 
Feb 22 08:07:02 🔔口袋书店, 开始!
Feb 22 08:07:02 
Feb 22 08:07:02 ====================共有1个京东账号Cookie=========
Feb 22 08:07:02 
Feb 22 08:07:02 ==================脚本执行- 北京时间(UTC+8)：2/22/2021, 8:07:02 AM=====================
Feb 22 08:07:02 
Feb 22 08:07:02 开始获取口袋书店配置文件
Feb 22 08:07:02 
Feb 22 08:07:02 共1个京东账号
Feb 22 08:07:02 
Feb 22 08:07:02 您提供了0个账号的口袋书店助力码
Feb 22 08:07:02 
Feb 22 08:07:04 
Feb 22 08:07:04 ******开始【京东账号1】jd_wPcJDZeiQcAi*********
Feb 22 08:07:04 
Feb 22 08:07:04 
Feb 22 08:07:04 ==============📣系统通知📣==============
Feb 22 08:07:04 口袋书店
Feb 22 08:07:04 【提示】cookie已失效
Feb 22 08:07:04 京东账号1 jd_wPcJDZeiQcAi
Feb 22 08:07:04 请重新登录获取
Feb 22 08:07:04 https://bean.m.jd.com/
Feb 22 08:07:04 您未提供push+推送所需的PUSH_PLUS_TOKEN，取消push+推送消息通知
Feb 22 08:07:04 
Feb 22 08:07:09 您未提供企业微信机器人推送所需的QYWX_KEY，取消企业微信推送消息通知
Feb 22 08:07:09 
Feb 22 08:07:09 您未提供企业微信应用消息推送所需的QYWX_AM，取消企业微信应用消息推送消息通知
Feb 22 08:07:09 
Feb 22 08:07:09 您未提供iGot的推送IGOT_PUSH_KEY，取消iGot推送消息通知
Feb 22 08:07:09 
Feb 22 08:07:09 token is not exist
Feb 22 08:07:09 
Feb 22 08:07:09 Telegram发送通知消息完成。
Feb 22 08:07:09 
Feb 22 08:07:09 找不到 Key 对应的 DeviceToken, 请确保 Key 正确! Key 可在 App 端注册获得。
Feb 22 08:07:09 
Feb 22 08:07:09 
Feb 22 08:07:09 🔔口袋书店, 结束! 🕛 7.766 秒
Feb 22 08:07:09 
Feb 22 12:07:02 
Feb 22 12:07:02 🔔口袋书店, 开始!
Feb 22 12:07:02 
Feb 22 12:07:02 ====================共有1个京东账号Cookie=========
Feb 22 12:07:02 
Feb 22 12:07:02 ==================脚本执行- 北京时间(UTC+8)：2/22/2021, 12:07:02 PM=====================
Feb 22 12:07:02 
Feb 22 12:07:02 开始获取口袋书店配置文件
Feb 22 12:07:02 
Feb 22 12:07:02 共1个京东账号
Feb 22 12:07:02 
Feb 22 12:07:02 您提供了0个账号的口袋书店助力码
Feb 22 12:07:02 
Feb 22 12:07:04 
Feb 22 12:07:04 ******开始【京东账号1】jd_wPcJDZeiQcAi*********
Feb 22 12:07:04 
Feb 22 12:07:04 
Feb 22 12:07:04 ==============📣系统通知📣==============
Feb 22 12:07:04 口袋书店
Feb 22 12:07:04 【提示】cookie已失效
Feb 22 12:07:04 京东账号1 jd_wPcJDZeiQcAi
Feb 22 12:07:04 请重新登录获取
Feb 22 12:07:04 https://bean.m.jd.com/
Feb 22 12:07:04 您未提供push+推送所需的PUSH_PLUS_TOKEN，取消push+推送消息通知
Feb 22 12:07:04 
Feb 22 12:07:11 您未提供企业微信机器人推送所需的QYWX_KEY，取消企业微信推送消息通知
Feb 22 12:07:11 
Feb 22 12:07:11 您未提供企业微信应用消息推送所需的QYWX_AM，取消企业微信应用消息推送消息通知
Feb 22 12:07:11 
Feb 22 12:07:11 您未提供iGot的推送IGOT_PUSH_KEY，取消iGot推送消息通知
Feb 22 12:07:11 
Feb 22 12:07:11 Telegram发送通知消息完成。
Feb 22 12:07:11 
Feb 22 12:07:11 找不到 Key 对应的 DeviceToken, 请确保 Key 正确! Key 可在 App 端注册获得。
Feb 22 12:07:11 
Feb 22 12:07:11 token is not exist
Feb 22 12:07:11 
Feb 22 12:07:11 
Feb 22 12:07:11 🔔口袋书店, 结束! 🕛 10.056 秒
Feb 22 12:07:11 
