Feb 22 04:33:02 
Feb 22 04:33:02 🔔领京豆额外奖励, 开始!
Feb 22 04:33:02 
Feb 22 04:33:02 ====================共有1个京东账号Cookie=========
Feb 22 04:33:02 
Feb 22 04:33:02 ==================脚本执行- 北京时间(UTC+8)：2/22/2021, 4:33:02 AM=====================
Feb 22 04:33:02 
Feb 22 04:33:04 
Feb 22 04:33:04 ******开始【京东账号1】jd_wPcJDZeiQcAi*********
Feb 22 04:33:04 
Feb 22 04:33:04 
Feb 22 04:33:04 ==============📣系统通知📣==============
Feb 22 04:33:04 领京豆额外奖励
Feb 22 04:33:04 【提示】cookie已失效
Feb 22 04:33:04 京东账号1 jd_wPcJDZeiQcAi
Feb 22 04:33:04 请重新登录获取
Feb 22 04:33:04 https://bean.m.jd.com/bean/signIndex.action
Feb 22 04:33:04 您未提供push+推送所需的PUSH_PLUS_TOKEN，取消push+推送消息通知
Feb 22 04:33:04 
Feb 22 04:33:07 您未提供企业微信机器人推送所需的QYWX_KEY，取消企业微信推送消息通知
Feb 22 04:33:07 
Feb 22 04:33:07 您未提供企业微信应用消息推送所需的QYWX_AM，取消企业微信应用消息推送消息通知
Feb 22 04:33:07 
Feb 22 04:33:07 您未提供iGot的推送IGOT_PUSH_KEY，取消iGot推送消息通知
Feb 22 04:33:07 
Feb 22 04:33:07 找不到 Key 对应的 DeviceToken, 请确保 Key 正确! Key 可在 App 端注册获得。
Feb 22 04:33:07 
Feb 22 04:33:07 token is not exist
Feb 22 04:33:07 
Feb 22 04:33:07 Telegram发送通知消息完成。
Feb 22 04:33:07 
Feb 22 04:33:07 
Feb 22 04:33:07 🔔领京豆额外奖励, 结束! 🕛 5.673 秒
Feb 22 04:33:07 
