Feb 22 00:03:02 
Feb 22 00:03:02 🔔京豆签到, 开始!
Feb 22 00:03:02 
Feb 22 00:03:02 ====================共有1个京东账号Cookie=========
Feb 22 00:03:02 
Feb 22 00:03:02 ==================脚本执行- 北京时间(UTC+8)：2/22/2021, 12:03:02 AM=====================
Feb 22 00:03:02 
Feb 22 00:05:20 文件下载完毕
Feb 22 00:05:21 *****************开始京东账号1 jd_wPcJDZeiQcAi京豆签到*******************
Feb 22 00:05:21 
Feb 22 00:05:21 ⚠️⚠️⚠️⚠️目前Bark APP推送通知消息对推送内容长度有限制，如推送通知中包含此推送方式脚本会默认转换成简洁内容推送 ⚠️⚠️⚠️⚠️
Feb 22 00:05:21 
Feb 22 00:05:21 开始替换变量
Feb 22 00:05:21 替换变量完毕
Feb 22 00:05:21 
Feb 22 00:05:21 开始执行脚本签到，请稍等
Feb 22 00:06:09 👇👇👇👇👇👇👇👇👇👇👇LOG记录👇👇👇👇👇👇👇👇👇👇👇
Feb 22 00:06:09 
Feb 22 00:06:09 京东商城-转盘查询成功 
Feb 22 00:06:09 
Feb 22 00:06:09 京东商城-摇一摇签到失败 
Feb 22 00:06:09 
Feb 22 00:06:09 京东转盘Cookie失效 
Feb 22 00:06:09 
Feb 22 00:06:09 京东商城-现金签到失败 
Feb 22 00:06:09 
Feb 22 00:06:09 京东商城-直播签到失败 
Feb 22 00:06:09 
Feb 22 00:06:09 京东商城-超市签到失败 
Feb 22 00:06:09 
Feb 22 00:06:09 京东秒杀-红包查询失败 
Feb 22 00:06:09 
Feb 22 00:06:09 京东商城-京豆Cookie失效 
Feb 22 00:06:09 
Feb 22 00:06:09 京东金融-钢镚签到失败 
Feb 22 00:06:09 
Feb 22 00:06:09 京东金融-抽奖签到失败 
Feb 22 00:06:09 
Feb 22 00:06:09 京东商城-金贴签到失败 
Feb 22 00:06:09 
Feb 22 00:06:09 京东汽车-检查签到状态 
Feb 22 00:06:09 
Feb 22 00:06:09 京东金融-签伍签到失败 
Feb 22 00:06:09 
Feb 22 00:06:09 京东金融-签肆签到失败 
Feb 22 00:06:09 
Feb 22 00:06:09 京东现金-红包签到失败 
Feb 22 00:06:09 
Feb 22 00:06:09 京东魔方-尝试查询活动(2) 
Feb 22 00:06:09 
Feb 22 00:06:09 京东魔方-尝试查询活动(1) 
Feb 22 00:06:09 
Feb 22 00:06:09 京东商城-闪购签到失败 
Feb 22 00:06:09 
Feb 22 00:06:09 京东金融-签叁签到失败 
Feb 22 00:06:09 
Feb 22 00:06:09 ‼️京东金融-签贰发生错误
Feb 22 00:06:09 ‼️名称: Error
Feb 22 00:06:09 ‼️描述: Error: getaddrinfo EAI_AGAIN nu.jr.jd.com
Feb 22 00:06:09 
Feb 22 00:06:09 京东魔方-尝试查询活动(null) 
Feb 22 00:06:09 
Feb 22 00:06:09 京东商城-魔方签到失败 
Feb 22 00:06:09 
Feb 22 00:06:09 京东金融-签壹签到失败 
Feb 22 00:06:09 
Feb 22 00:06:09 京东日历-翻牌关注店铺
Feb 22 00:06:09 
Feb 22 00:06:09 京东商城-母婴关注店铺
Feb 22 00:06:09 
Feb 22 00:06:09 京东金贴-双签签到失败 
Feb 22 00:06:09 
Feb 22 00:06:09 金融现金-双签签到失败 
Feb 22 00:06:09 
Feb 22 00:06:09 京东商城-鞋靴签到失败(1)
Feb 22 00:06:09 
Feb 22 00:06:09 京东商城-童装关注店铺
Feb 22 00:06:09 
Feb 22 00:06:09 京东商城-图书签到失败(1)
Feb 22 00:06:09 
Feb 22 00:06:09 京东商城-女装签到失败(1)
Feb 22 00:06:09 
Feb 22 00:06:09 京东商城-数码关注店铺
Feb 22 00:06:09 
Feb 22 00:06:09 京东商城-母婴签到失败(2)
Feb 22 00:06:09 
Feb 22 00:06:09 京东日历-翻牌签到失败(2)
Feb 22 00:06:09 
Feb 22 00:06:09 京东商城-数码签到失败(2)
Feb 22 00:06:09 
Feb 22 00:06:09 京东商城-童装签到失败(2)
Feb 22 00:06:09 
Feb 22 00:06:09 京东商城-个护关注店铺
Feb 22 00:06:09 
Feb 22 00:06:09 京东商城-美妆关注店铺
Feb 22 00:06:09 
Feb 22 00:06:09 京东商城-健康关注店铺
Feb 22 00:06:09 
Feb 22 00:06:09 京东商城-清洁二次查询
Feb 22 00:06:09 
Feb 22 00:06:09 京东商城-菜场签到失败(1)
Feb 22 00:06:09 
Feb 22 00:06:09 京东商城-珠宝签到失败(1)
Feb 22 00:06:09 
Feb 22 00:06:09 京东商城-清洁签到失败(1)
Feb 22 00:06:09 
Feb 22 00:06:09 京东拍拍-二手签到失败(1)
Feb 22 00:06:09 
Feb 22 00:06:09 京东商城-校园签到失败(1)
Feb 22 00:06:09 
Feb 22 00:06:09 京东商城-服饰签到失败(1)
Feb 22 00:06:09 
Feb 22 00:06:09 京东商城-箱包签到失败(1)
Feb 22 00:06:09 
Feb 22 00:06:09 京东商城-个护签到失败(2)
Feb 22 00:06:09 
Feb 22 00:06:09 京东商城-健康签到失败(2)
Feb 22 00:06:09 
Feb 22 00:06:09 京东商城-美妆签到失败(2)
Feb 22 00:06:09 
Feb 22 00:06:09 天天加速-查询上次任务 
Feb 22 00:06:09 
Feb 22 00:06:09 天天加速-Cookie失效
Feb 22 00:06:09 
Feb 22 00:06:09 金融京豆-双签签到失败 
Feb 22 00:06:09 
Feb 22 00:06:09 京东-总红包查询失败 
Feb 22 00:06:09 
Feb 22 00:06:09 京东-总现金查询失败 
Feb 22 00:06:09 
Feb 22 00:06:09 京东-总金贴查询失败 
Feb 22 00:06:09 
Feb 22 00:06:09 京东-总京豆查询失败 
Feb 22 00:06:09 
Feb 22 00:06:09 京东-总钢镚查询失败 
Feb 22 00:06:09 
Feb 22 00:06:09 
Feb 22 00:06:09 【签到概览】:  失败39个, 错误1个
Feb 22 00:06:09 【账号总计】:  获取失败
Feb 22 00:06:09 【其他总计】:  获取失败
Feb 22 00:06:09 
Feb 22 00:06:09 京东商城-京豆: 失败, 原因: Cookie失效‼️
Feb 22 00:06:09 京东商城-超市: 失败, 原因: Cookie失效‼️
Feb 22 00:06:09 京东商城-直播: 失败, 原因: Cookie失效‼️
Feb 22 00:06:09 京东金融-钢镚: 失败, 原因: Cookie失效‼️
Feb 22 00:06:09 京东商城-转盘: 失败, 原因: Cookie失效‼️
Feb 22 00:06:09 京东商城-闪购: 失败, 原因: Cookie失效‼️
Feb 22 00:06:09 京东现金-红包: 失败, 原因: Cookie失效‼️
Feb 22 00:06:09 京东商城-魔方: 失败, 原因: Cookie失效‼️
Feb 22 00:06:09 京东商城-金贴: 失败, 原因: Cookie失效‼️
Feb 22 00:06:09 京东商城-现金: 失败, 原因: Cookie失效‼️
Feb 22 00:06:09 京东商城-摇摇: 失败, 原因: 未知 ⚠️
Feb 22 00:06:09 京东秒杀-红包: 失败, 原因: Cookie失效‼️
Feb 22 00:06:09 京东金融-抽奖: 失败, 原因: Cookie失效‼️
Feb 22 00:06:09 京东商城-汽车: 失败, 原因: Cookie失效‼️
Feb 22 00:06:09 京东金融-签壹: 失败, 原因: Cookie失效‼️
Feb 22 00:06:09 京东金融-签贰: 异常, 已输出日志 ‼️
Feb 22 00:06:09 京东金融-签叁: 失败, 原因: Cookie失效‼️
Feb 22 00:06:09 京东金融-签肆: 失败, 原因: Cookie失效‼️
Feb 22 00:06:09 京东金融-签伍: 失败, 原因: Cookie失效‼️
Feb 22 00:06:09 京东商城-鞋靴: 失败, 原因: Cookie失效‼️
Feb 22 00:06:09 京东日历-翻牌: 失败, 原因: Cookie失效‼️
Feb 22 00:06:09 京东商城-童装: 失败, 原因: Cookie失效‼️
Feb 22 00:06:09 京东商城-母婴: 失败, 原因: Cookie失效‼️
Feb 22 00:06:09 京东商城-数码: 失败, 原因: Cookie失效‼️
Feb 22 00:06:09 京东商城-女装: 失败, 原因: Cookie失效‼️
Feb 22 00:06:09 京东商城-图书: 失败, 原因: Cookie失效‼️
Feb 22 00:06:09 京东金贴-双签: 失败, 原因: Cookie失效‼️
Feb 22 00:06:09 金融现金-双签: 失败, 原因: Cookie失效‼️
Feb 22 00:06:09 京东商城-服饰: 失败, 原因: Cookie失效‼️
Feb 22 00:06:09 京东商城-箱包: 失败, 原因: Cookie失效‼️
Feb 22 00:06:09 京东商城-校园: 失败, 原因: Cookie失效‼️
Feb 22 00:06:09 京东商城-健康: 失败, 原因: Cookie失效‼️
Feb 22 00:06:09 京东拍拍-二手: 失败, 原因: Cookie失效‼️
Feb 22 00:06:09 京东商城-清洁: 失败, 原因: Cookie失效‼️
Feb 22 00:06:09 京东商城-个护: 失败, 原因: Cookie失效‼️
Feb 22 00:06:09 京东商城-珠宝: 失败, 原因: Cookie失效‼️
Feb 22 00:06:09 京东商城-美妆: 失败, 原因: Cookie失效‼️
Feb 22 00:06:09 京东商城-菜场: 失败, 原因: Cookie失效‼️
Feb 22 00:06:09 京东天天-加速: 失败, 原因: Cookie失效‼️
Feb 22 00:06:09 金融京豆-双签: 失败, 原因: Cookie失效‼️
Feb 22 00:06:09 
Feb 22 00:06:09 签到用时: 47.87 秒
Feb 22 00:06:09 
Feb 22 00:06:09 👆👆👆👆👆👆👆👆👆LOG记录👆👆👆👆👆👆👆👆👆👆👆
Feb 22 00:06:09 脚本执行完毕时间：2021-02-22
Feb 22 00:06:09 您未提供push+推送所需的PUSH_PLUS_TOKEN，取消push+推送消息通知
Feb 22 00:06:09 
Feb 22 00:06:14 您未提供企业微信机器人推送所需的QYWX_KEY，取消企业微信推送消息通知
Feb 22 00:06:14 
Feb 22 00:06:14 您未提供企业微信应用消息推送所需的QYWX_AM，取消企业微信应用消息推送消息通知
Feb 22 00:06:14 
Feb 22 00:06:14 您未提供iGot的推送IGOT_PUSH_KEY，取消iGot推送消息通知
Feb 22 00:06:14 
Feb 22 00:06:14 token is not exist
Feb 22 00:06:14 
Feb 22 00:06:14 Telegram发送通知消息完成。
Feb 22 00:06:14 
Feb 22 00:06:14 找不到 Key 对应的 DeviceToken, 请确保 Key 正确! Key 可在 App 端注册获得。
Feb 22 00:06:14 
Feb 22 00:06:14 运行完成后，删除下载的文件
Feb 22 00:06:14 
Feb 22 00:06:14 *****************京东账号1 jd_wPcJDZeiQcAi京豆签到完成*******************
Feb 22 00:06:14 
Feb 22 00:06:14 
Feb 22 00:06:14 🔔京豆签到, 结束! 🕛 192.892 秒
Feb 22 00:06:14 
