Feb 22 00:00:06 
Feb 22 00:00:06 🔔京东汽车兑换, 开始!
Feb 22 00:00:07 
Feb 22 00:00:07 ====================共有1个京东账号Cookie=========
Feb 22 00:00:07 
Feb 22 00:00:07 ==================脚本执行- 北京时间(UTC+8)：2/22/2021, 12:00:07 AM=====================
Feb 22 00:00:07 
Feb 22 00:00:07 京东账号1 jd_wPcJDZeiQcAi
Feb 22 00:00:27 京东账号1 jd_wPcJDZeiQcAi
Feb 22 00:00:28 京东账号1 jd_wPcJDZeiQcAi
Feb 22 00:00:31 京东账号1 jd_wPcJDZeiQcAi
Feb 22 00:00:36 京东账号1 jd_wPcJDZeiQcAi
Feb 22 00:00:40 京东账号1 jd_wPcJDZeiQcAi
Feb 22 00:00:41 京东账号1 jd_wPcJDZeiQcAi
Feb 22 00:00:44 京东账号1 jd_wPcJDZeiQcAi
Feb 22 00:00:45 京东账号1 jd_wPcJDZeiQcAi
Feb 22 00:00:52 京东账号1 jd_wPcJDZeiQcAi
Feb 22 00:00:53 京东账号1 jd_wPcJDZeiQcAi
Feb 22 00:01:14 京东账号1 jd_wPcJDZeiQcAi
Feb 22 00:01:15 京东账号1 jd_wPcJDZeiQcAi
Feb 22 00:01:15 京东账号1 jd_wPcJDZeiQcAi
Feb 22 00:01:17 京东账号1 jd_wPcJDZeiQcAi
Feb 22 00:01:25 京东账号1 jd_wPcJDZeiQcAi
Feb 22 00:01:26 京东账号1 jd_wPcJDZeiQcAi
Feb 22 00:01:27 京东账号1 jd_wPcJDZeiQcAi
Feb 22 00:01:28 京东账号1 jd_wPcJDZeiQcAi
Feb 22 00:01:31 京东账号1 jd_wPcJDZeiQcAi
Feb 22 00:01:32 
Feb 22 00:01:32 🔔京东汽车兑换, 结束! 🕛 85.929 秒
Feb 22 00:01:32 
