Feb 22 07:27:01 
Feb 22 07:27:01 🔔签到领现金, 开始!
Feb 22 07:27:02 
Feb 22 07:27:02 ====================共有1个京东账号Cookie=========
Feb 22 07:27:02 
Feb 22 07:27:02 ==================脚本执行- 北京时间(UTC+8)：2/22/2021, 7:27:02 AM=====================
Feb 22 07:27:02 
Feb 22 07:27:02 开始获取签到领现金配置文件
Feb 22 07:27:02 
Feb 22 07:27:02 共1个京东账号
Feb 22 07:27:02 
Feb 22 07:27:02 您提供了0个账号的签到领现金助力码
Feb 22 07:27:02 
Feb 22 07:27:10 
Feb 22 07:27:10 ******开始【京东账号1】jd_wPcJDZeiQcAi*********
Feb 22 07:27:10 
Feb 22 07:27:10 
Feb 22 07:27:10 ==============📣系统通知📣==============
Feb 22 07:27:10 签到领现金
Feb 22 07:27:10 【提示】cookie已失效
Feb 22 07:27:10 京东账号1 jd_wPcJDZeiQcAi
Feb 22 07:27:10 请重新登录获取
Feb 22 07:27:10 https://bean.m.jd.com/bean/signIndex.action
Feb 22 07:27:10 您未提供push+推送所需的PUSH_PLUS_TOKEN，取消push+推送消息通知
Feb 22 07:27:10 
Feb 22 07:27:13 您未提供企业微信机器人推送所需的QYWX_KEY，取消企业微信推送消息通知
Feb 22 07:27:13 
Feb 22 07:27:13 您未提供企业微信应用消息推送所需的QYWX_AM，取消企业微信应用消息推送消息通知
Feb 22 07:27:13 
Feb 22 07:27:13 您未提供iGot的推送IGOT_PUSH_KEY，取消iGot推送消息通知
Feb 22 07:27:13 
Feb 22 07:27:14 token is not exist
Feb 22 07:27:14 
Feb 22 07:27:14 Telegram发送通知消息完成。
Feb 22 07:27:14 
Feb 22 07:27:14 找不到 Key 对应的 DeviceToken, 请确保 Key 正确! Key 可在 App 端注册获得。
Feb 22 07:27:14 
Feb 22 07:27:14 
Feb 22 07:27:14 🔔签到领现金, 结束! 🕛 12.397 秒
Feb 22 07:27:14 
