Feb 22 00:18:02 
Feb 22 00:18:02 🔔天天提鹅, 开始!
Feb 22 00:18:02 
Feb 22 00:18:02 ====================共有1个京东账号Cookie=========
Feb 22 00:18:02 
Feb 22 00:18:02 ==================脚本执行- 北京时间(UTC+8)：2/22/2021, 12:18:02 AM=====================
Feb 22 00:18:02 
Feb 22 00:18:03 
Feb 22 00:18:03 ***********开始【京东账号1】jd_wPcJDZeiQcAi********
Feb 22 00:18:03 
Feb 22 00:18:03 
Feb 22 00:18:03 ==============📣系统通知📣==============
Feb 22 00:18:03 天天提鹅
Feb 22 00:18:03 【提示】cookie已失效
Feb 22 00:18:03 京东账号1 jd_wPcJDZeiQcAi
Feb 22 00:18:03 请重新登录获取
Feb 22 00:18:03 https://bean.m.jd.com/bean/signIndex.action
Feb 22 00:18:03 您未提供push+推送所需的PUSH_PLUS_TOKEN，取消push+推送消息通知
Feb 22 00:18:03 
Feb 22 00:18:06 您未提供企业微信机器人推送所需的QYWX_KEY，取消企业微信推送消息通知
Feb 22 00:18:06 
Feb 22 00:18:06 您未提供企业微信应用消息推送所需的QYWX_AM，取消企业微信应用消息推送消息通知
Feb 22 00:18:06 
Feb 22 00:18:06 您未提供iGot的推送IGOT_PUSH_KEY，取消iGot推送消息通知
Feb 22 00:18:06 
Feb 22 00:18:07 token is not exist
Feb 22 00:18:07 
Feb 22 00:18:07 Telegram发送通知消息完成。
Feb 22 00:18:07 
Feb 22 00:18:07 找不到 Key 对应的 DeviceToken, 请确保 Key 正确! Key 可在 App 端注册获得。
Feb 22 00:18:07 
Feb 22 00:18:07 
Feb 22 00:18:07 🔔天天提鹅, 结束! 🕛 5.464 秒
Feb 22 00:18:07 
Feb 22 01:18:02 
Feb 22 01:18:02 🔔天天提鹅, 开始!
Feb 22 01:18:02 
Feb 22 01:18:02 ====================共有1个京东账号Cookie=========
Feb 22 01:18:02 
Feb 22 01:18:02 ==================脚本执行- 北京时间(UTC+8)：2/22/2021, 1:18:02 AM=====================
Feb 22 01:18:02 
Feb 22 01:18:03 
Feb 22 01:18:03 ***********开始【京东账号1】jd_wPcJDZeiQcAi********
Feb 22 01:18:03 
Feb 22 01:18:03 
Feb 22 01:18:03 ==============📣系统通知📣==============
Feb 22 01:18:03 天天提鹅
Feb 22 01:18:03 【提示】cookie已失效
Feb 22 01:18:03 京东账号1 jd_wPcJDZeiQcAi
Feb 22 01:18:03 请重新登录获取
Feb 22 01:18:03 https://bean.m.jd.com/bean/signIndex.action
Feb 22 01:18:03 您未提供push+推送所需的PUSH_PLUS_TOKEN，取消push+推送消息通知
Feb 22 01:18:03 
Feb 22 01:18:07 您未提供企业微信机器人推送所需的QYWX_KEY，取消企业微信推送消息通知
Feb 22 01:18:07 
Feb 22 01:18:07 您未提供企业微信应用消息推送所需的QYWX_AM，取消企业微信应用消息推送消息通知
Feb 22 01:18:07 
Feb 22 01:18:07 您未提供iGot的推送IGOT_PUSH_KEY，取消iGot推送消息通知
Feb 22 01:18:07 
Feb 22 01:18:08 token is not exist
Feb 22 01:18:08 
Feb 22 01:18:08 Telegram发送通知消息完成。
Feb 22 01:18:08 
Feb 22 01:18:08 找不到 Key 对应的 DeviceToken, 请确保 Key 正确! Key 可在 App 端注册获得。
Feb 22 01:18:08 
Feb 22 01:18:08 
Feb 22 01:18:08 🔔天天提鹅, 结束! 🕛 6.031 秒
Feb 22 01:18:08 
