Feb 22 00:20:03 
Feb 22 00:20:03 🔔京喜工厂, 开始!
Feb 22 00:20:03 
Feb 22 00:20:03 ====================共有1个京东账号Cookie=========
Feb 22 00:20:03 
Feb 22 00:20:03 ==================脚本执行- 北京时间(UTC+8)：2/22/2021, 12:20:03 AM=====================
Feb 22 00:20:03 
Feb 22 00:20:11 开始获取京喜工厂配置文件
Feb 22 00:20:11 
Feb 22 00:20:11 tuanActiveId: 6S9y4sJUfA2vPQP6TLdVIQ==
Feb 22 00:20:11 共1个京东账号
Feb 22 00:20:11 
Feb 22 00:20:11 您提供了2个账号的京喜工厂助力码
Feb 22 00:20:11 
Feb 22 00:20:11 
Feb 22 00:20:11 ******开始【京东账号1】jd_wPcJDZeiQcAi*********
Feb 22 00:20:11 
Feb 22 00:20:11 
Feb 22 00:20:11 ==============📣系统通知📣==============
Feb 22 00:20:11 京喜工厂
Feb 22 00:20:11 【提示】cookie已失效
Feb 22 00:20:11 京东账号1 jd_wPcJDZeiQcAi
Feb 22 00:20:11 请重新登录获取
Feb 22 00:20:11 https://bean.m.jd.com/bean/signIndex.action
Feb 22 00:20:11 您未提供push+推送所需的PUSH_PLUS_TOKEN，取消push+推送消息通知
Feb 22 00:20:11 
Feb 22 00:20:21 您未提供企业微信机器人推送所需的QYWX_KEY，取消企业微信推送消息通知
Feb 22 00:20:21 
Feb 22 00:20:21 您未提供企业微信应用消息推送所需的QYWX_AM，取消企业微信应用消息推送消息通知
Feb 22 00:20:21 
Feb 22 00:20:21 您未提供iGot的推送IGOT_PUSH_KEY，取消iGot推送消息通知
Feb 22 00:20:21 
Feb 22 00:20:21 token is not exist
Feb 22 00:20:21 
Feb 22 00:20:21 Telegram发送通知消息完成。
Feb 22 00:20:21 
Feb 22 00:20:21 找不到 Key 对应的 DeviceToken, 请确保 Key 正确! Key 可在 App 端注册获得。
Feb 22 00:20:21 
Feb 22 00:20:21 jd_wPcJDZeiQcAi去参加第一个cookie账号开的团
Feb 22 00:20:22 参团失败：{"msg":"登录京东账号才可以继续游戏哦~","nowTime":1613924422,"ret":10001}
Feb 22 00:20:23 参团失败：{"msg":"登录京东账号才可以继续游戏哦~","nowTime":1613924423,"ret":10001}
Feb 22 00:20:23 参团失败：{"msg":"登录京东账号才可以继续游戏哦~","nowTime":1613924423,"ret":10001}
Feb 22 00:20:24 参团失败：{"msg":"登录京东账号才可以继续游戏哦~","nowTime":1613924424,"ret":10001}
Feb 22 00:20:24 参团失败：{"msg":"登录京东账号才可以继续游戏哦~","nowTime":1613924424,"ret":10001}
Feb 22 00:20:25 参团失败：{"msg":"登录京东账号才可以继续游戏哦~","nowTime":1613924425,"ret":10001}
Feb 22 00:20:26 参团失败：{"msg":"登录京东账号才可以继续游戏哦~","nowTime":1613924426,"ret":10001}
Feb 22 00:20:28 
Feb 22 00:20:28 🔔京喜工厂, 结束! 🕛 25.431 秒
Feb 22 00:20:28 
