Feb 22 06:05:04 
Feb 22 06:05:04 🔔东东农场, 开始!
Feb 22 06:05:04 开始获取配置文件
Feb 22 06:05:04 
Feb 22 06:05:04 
Feb 22 06:05:04 ====================共有1个京东账号Cookie=========
Feb 22 06:05:04 
Feb 22 06:05:04 ==================脚本执行- 北京时间(UTC+8)：2/22/2021, 6:05:04 AM=====================
Feb 22 06:05:04 
Feb 22 06:05:04 共1个京东账号
Feb 22 06:05:04 
Feb 22 06:05:04 您提供了1个账号的农场助力码
Feb 22 06:05:04 
Feb 22 06:05:11 
Feb 22 06:05:11 开始【京东账号1】jd_wPcJDZeiQcAi
Feb 22 06:05:11 
Feb 22 06:05:11 
Feb 22 06:05:11 ==============📣系统通知📣==============
Feb 22 06:05:11 东东农场
Feb 22 06:05:11 【提示】cookie已失效
Feb 22 06:05:11 京东账号1 jd_wPcJDZeiQcAi
Feb 22 06:05:11 请重新登录获取
Feb 22 06:05:11 https://bean.m.jd.com/bean/signIndex.action
Feb 22 06:05:11 您未提供push+推送所需的PUSH_PLUS_TOKEN，取消push+推送消息通知
Feb 22 06:05:11 
Feb 22 06:05:14 您未提供企业微信机器人推送所需的QYWX_KEY，取消企业微信推送消息通知
Feb 22 06:05:14 
Feb 22 06:05:14 您未提供企业微信应用消息推送所需的QYWX_AM，取消企业微信应用消息推送消息通知
Feb 22 06:05:14 
Feb 22 06:05:14 您未提供iGot的推送IGOT_PUSH_KEY，取消iGot推送消息通知
Feb 22 06:05:14 
Feb 22 06:05:14 token is not exist
Feb 22 06:05:14 
Feb 22 06:05:14 Telegram发送通知消息完成。
Feb 22 06:05:14 
Feb 22 06:05:14 找不到 Key 对应的 DeviceToken, 请确保 Key 正确! Key 可在 App 端注册获得。
Feb 22 06:05:14 
Feb 22 06:05:14 
Feb 22 06:05:14 🔔东东农场, 结束! 🕛 11.13 秒
Feb 22 06:05:14 
