Feb 21 20:00:06 
Feb 21 20:00:06 🔔环球挑战赛, 开始!
Feb 21 20:00:07 
Feb 21 20:00:07 ====================共有1个京东账号Cookie=========
Feb 21 20:00:07 
Feb 21 20:00:07 ==================脚本执行- 北京时间(UTC+8)：2/21/2021, 8:00:07 PM=====================
Feb 21 20:00:07 
Feb 21 20:00:07 开始获取环球挑战赛配置文件
Feb 21 20:00:07 
Feb 21 20:00:07 共1个京东账号
Feb 21 20:00:07 
Feb 21 20:00:07 您提供了0个账号的环球挑战赛PK助力码
Feb 21 20:00:07 
Feb 21 20:00:17 
Feb 21 20:00:17 ******开始【京东账号1】jd_wPcJDZeiQcAi*********
Feb 21 20:00:17 
Feb 21 20:00:17 
Feb 21 20:00:17 ==============📣系统通知📣==============
Feb 21 20:00:17 环球挑战赛
Feb 21 20:00:17 【提示】cookie已失效
Feb 21 20:00:17 京东账号1 jd_wPcJDZeiQcAi
Feb 21 20:00:17 请重新登录获取
Feb 21 20:00:17 https://bean.m.jd.com/bean/signIndex.action
Feb 21 20:00:17 您未提供push+推送所需的PUSH_PLUS_TOKEN，取消push+推送消息通知
Feb 21 20:00:17 
Feb 21 20:00:32 您未提供企业微信机器人推送所需的QYWX_KEY，取消企业微信推送消息通知
Feb 21 20:00:32 
Feb 21 20:00:32 您未提供企业微信应用消息推送所需的QYWX_AM，取消企业微信应用消息推送消息通知
Feb 21 20:00:32 
Feb 21 20:00:32 您未提供iGot的推送IGOT_PUSH_KEY，取消iGot推送消息通知
Feb 21 20:00:32 
Feb 21 20:00:33 token is not exist
Feb 21 20:00:33 
Feb 21 20:00:33 Telegram发送通知消息完成。
Feb 21 20:00:33 
Feb 21 20:00:33 找不到 Key 对应的 DeviceToken, 请确保 Key 正确! Key 可在 App 端注册获得。
Feb 21 20:00:33 
Feb 21 20:00:33 
Feb 21 20:00:33 🔔环球挑战赛, 结束! 🕛 27.607 秒
Feb 21 20:00:33 
