Feb 22 09:00:06 
Feb 22 09:00:06 🔔京喜农场, 开始!
Feb 22 09:00:07 开始获取配置文件
Feb 22 09:00:07 
Feb 22 09:00:07 
Feb 22 09:00:07 ====================共有1个京东账号Cookie=========
Feb 22 09:00:07 
Feb 22 09:00:07 ==================脚本执行- 北京时间(UTC+8)：2/22/2021, 9:00:07 AM=====================
Feb 22 09:00:07 
Feb 22 09:00:07 由于您环境变量里面未提供 tokens，当种植 APP 种子时，将不能正常进行任务，请提供 token 或 种植非 APP 种子！
Feb 22 09:00:07 共1个京东账号
Feb 22 09:00:07 
Feb 22 09:00:07 您提供了2个账号的京喜农场助力码
Feb 22 09:00:15 
Feb 22 09:00:15 ************* 检查【京东账号1】jd_wPcJDZeiQcAi cookie 是否有效 *************
Feb 22 09:00:17 开始【京东账号1】jd_wPcJDZeiQcAi
Feb 22 09:00:17 
Feb 22 09:00:17 
Feb 22 09:00:17 ==============📣系统通知📣==============
Feb 22 09:00:17 京喜农场
Feb 22 09:00:17 【提示】cookie已失效
Feb 22 09:00:17 京东账号1 jd_wPcJDZeiQcAi
Feb 22 09:00:17 请重新登录获取
Feb 22 09:00:17 https://bean.m.jd.com/
Feb 22 09:00:17 您未提供push+推送所需的PUSH_PLUS_TOKEN，取消push+推送消息通知
Feb 22 09:00:17 
Feb 22 09:00:24 您未提供企业微信机器人推送所需的QYWX_KEY，取消企业微信推送消息通知
Feb 22 09:00:24 
Feb 22 09:00:24 您未提供企业微信应用消息推送所需的QYWX_AM，取消企业微信应用消息推送消息通知
Feb 22 09:00:24 
Feb 22 09:00:24 您未提供iGot的推送IGOT_PUSH_KEY，取消iGot推送消息通知
Feb 22 09:00:24 
Feb 22 09:00:25 token is not exist
Feb 22 09:00:25 
Feb 22 09:00:25 Telegram发送通知消息完成。
Feb 22 09:00:25 
Feb 22 09:00:25 找不到 Key 对应的 DeviceToken, 请确保 Key 正确! Key 可在 App 端注册获得。
Feb 22 09:00:25 
Feb 22 09:00:25 
Feb 22 09:00:25 🔔京喜农场, 结束! 🕛 19.6 秒
Feb 22 09:00:25 
