Feb 22 11:10:02 
Feb 22 11:10:02 🔔京东赚赚, 开始!
Feb 22 11:10:03 
Feb 22 11:10:03 ====================共有1个京东账号Cookie=========
Feb 22 11:10:03 
Feb 22 11:10:03 ==================脚本执行- 北京时间(UTC+8)：2/22/2021, 11:10:03 AM=====================
Feb 22 11:10:03 
Feb 22 11:10:03 开始获取京东赚赚配置文件
Feb 22 11:10:03 
Feb 22 11:10:03 共1个京东账号
Feb 22 11:10:03 
Feb 22 11:10:03 您提供了0个账号的京东赚赚助力码
Feb 22 11:10:03 
Feb 22 11:10:12 作者助力码获取成功
Feb 22 11:10:18 
Feb 22 11:10:18 ******开始【京东账号1】jd_wPcJDZeiQcAi*********
Feb 22 11:10:18 
Feb 22 11:10:18 
Feb 22 11:10:18 ==============📣系统通知📣==============
Feb 22 11:10:18 京东赚赚
Feb 22 11:10:18 【提示】cookie已失效
Feb 22 11:10:18 京东账号1 jd_wPcJDZeiQcAi
Feb 22 11:10:18 请重新登录获取
Feb 22 11:10:18 https://bean.m.jd.com/bean/signIndex.action
Feb 22 11:10:18 您未提供push+推送所需的PUSH_PLUS_TOKEN，取消push+推送消息通知
Feb 22 11:10:18 
Feb 22 11:10:21 您未提供企业微信机器人推送所需的QYWX_KEY，取消企业微信推送消息通知
Feb 22 11:10:21 
Feb 22 11:10:21 您未提供企业微信应用消息推送所需的QYWX_AM，取消企业微信应用消息推送消息通知
Feb 22 11:10:21 
Feb 22 11:10:21 您未提供iGot的推送IGOT_PUSH_KEY，取消iGot推送消息通知
Feb 22 11:10:21 
Feb 22 11:10:22 token is not exist
Feb 22 11:10:22 
Feb 22 11:10:22 Telegram发送通知消息完成。
Feb 22 11:10:22 
Feb 22 11:10:22 找不到 Key 对应的 DeviceToken, 请确保 Key 正确! Key 可在 App 端注册获得。
Feb 22 11:10:22 
Feb 22 11:10:22 未知错误
Feb 22 11:10:23 未知错误
Feb 22 11:10:23 未知错误
Feb 22 11:10:23 未知错误
Feb 22 11:10:24 未知错误
Feb 22 11:10:24 未知错误
Feb 22 11:10:24 未知错误
Feb 22 11:10:24 未知错误
Feb 22 11:10:25 未知错误
Feb 22 11:10:25 
Feb 22 11:10:25 🔔京东赚赚, 结束! 🕛 22.548 秒
Feb 22 11:10:25 
