Feb 21 20:15:05 
Feb 21 20:15:05 🔔宠汪汪🐕喂食, 开始!
Feb 21 20:15:05 
Feb 21 20:15:05 ====================共有1个京东账号Cookie=========
Feb 21 20:15:05 
Feb 21 20:15:05 ==================脚本执行- 北京时间(UTC+8)：2/21/2021, 8:15:05 PM=====================
Feb 21 20:15:05 
Feb 21 20:15:10 
Feb 21 20:15:10 开始【京东账号1】jd_wPcJDZeiQcAi
Feb 21 20:15:10 
Feb 21 20:15:10 
Feb 21 20:15:10 ==============📣系统通知📣==============
Feb 21 20:15:10 宠汪汪🐕喂食
Feb 21 20:15:10 【提示】cookie已失效
Feb 21 20:15:10 京东账号1 jd_wPcJDZeiQcAi
Feb 21 20:15:10 请重新登录获取
Feb 21 20:15:10 https://bean.m.jd.com/bean/signIndex.action
Feb 21 20:15:10 您未提供push+推送所需的PUSH_PLUS_TOKEN，取消push+推送消息通知
Feb 21 20:15:10 
Feb 21 20:15:26 您未提供企业微信机器人推送所需的QYWX_KEY，取消企业微信推送消息通知
Feb 21 20:15:26 
Feb 21 20:15:26 您未提供企业微信应用消息推送所需的QYWX_AM，取消企业微信应用消息推送消息通知
Feb 21 20:15:26 
Feb 21 20:15:26 您未提供iGot的推送IGOT_PUSH_KEY，取消iGot推送消息通知
Feb 21 20:15:26 
Feb 21 20:15:27 token is not exist
Feb 21 20:15:27 
Feb 21 20:15:27 Telegram发送通知消息完成。
Feb 21 20:15:27 
Feb 21 20:15:27 找不到 Key 对应的 DeviceToken, 请确保 Key 正确! Key 可在 App 端注册获得。
Feb 21 20:15:27 
Feb 21 20:15:27 
Feb 21 20:15:27 🔔宠汪汪🐕喂食, 结束! 🕛 23.53 秒
Feb 21 20:15:27 
