Feb 21 21:13:02 
Feb 21 21:13:02 🔔宠汪汪偷好友积分与狗粮, 开始!
Feb 21 21:13:02 
Feb 21 21:13:02 ====================共有1个京东账号Cookie=========
Feb 21 21:13:02 
Feb 21 21:13:02 ==================脚本执行- 北京时间(UTC+8)：2/21/2021, 9:13:02 PM=====================
Feb 21 21:13:02 
Feb 21 21:13:04 
Feb 21 21:13:04 开始【京东账号1】jd_wPcJDZeiQcAi
Feb 21 21:13:04 
Feb 21 21:13:04 
Feb 21 21:13:04 ==============📣系统通知📣==============
Feb 21 21:13:04 宠汪汪偷好友积分与狗粮
Feb 21 21:13:04 【提示】cookie已失效
Feb 21 21:13:04 京东账号1 jd_wPcJDZeiQcAi
Feb 21 21:13:04 请重新登录获取
Feb 21 21:13:04 https://bean.m.jd.com/bean/signIndex.action
Feb 21 21:13:04 您未提供push+推送所需的PUSH_PLUS_TOKEN，取消push+推送消息通知
Feb 21 21:13:04 
Feb 21 21:13:15 您未提供企业微信机器人推送所需的QYWX_KEY，取消企业微信推送消息通知
Feb 21 21:13:15 
Feb 21 21:13:15 您未提供企业微信应用消息推送所需的QYWX_AM，取消企业微信应用消息推送消息通知
Feb 21 21:13:15 
Feb 21 21:13:15 您未提供iGot的推送IGOT_PUSH_KEY，取消iGot推送消息通知
Feb 21 21:13:15 
Feb 21 21:13:15 token is not exist
Feb 21 21:13:15 
Feb 21 21:13:15 Telegram发送通知消息完成。
Feb 21 21:13:15 
Feb 21 21:13:16 找不到 Key 对应的 DeviceToken, 请确保 Key 正确! Key 可在 App 端注册获得。
Feb 21 21:13:16 
Feb 21 21:13:16 
Feb 21 21:13:16 🔔宠汪汪偷好友积分与狗粮, 结束! 🕛 13.495 秒
Feb 21 21:13:16 
