Feb 22 00:15:04 
Feb 22 00:15:04 🔔宠汪汪, 开始!
Feb 22 00:15:04 
Feb 22 00:15:04 ====================共有1个京东账号Cookie=========
Feb 22 00:15:04 
Feb 22 00:15:04 ==================脚本执行- 北京时间(UTC+8)：2/22/2021, 12:15:04 AM=====================
Feb 22 00:15:04 
Feb 22 00:15:11 
Feb 22 00:15:11 开始【京东账号1】jd_wPcJDZeiQcAi
Feb 22 00:15:11 
Feb 22 00:15:11 
Feb 22 00:15:11 ==============📣系统通知📣==============
Feb 22 00:15:11 宠汪汪
Feb 22 00:15:11 【提示】cookie已失效
Feb 22 00:15:11 京东账号1 jd_wPcJDZeiQcAi
Feb 22 00:15:11 请重新登录获取
Feb 22 00:15:11 https://bean.m.jd.com/bean/signIndex.action
Feb 22 00:15:11 您未提供push+推送所需的PUSH_PLUS_TOKEN，取消push+推送消息通知
Feb 22 00:15:11 
Feb 22 00:15:15 您未提供企业微信机器人推送所需的QYWX_KEY，取消企业微信推送消息通知
Feb 22 00:15:15 
Feb 22 00:15:15 您未提供企业微信应用消息推送所需的QYWX_AM，取消企业微信应用消息推送消息通知
Feb 22 00:15:15 
Feb 22 00:15:15 您未提供iGot的推送IGOT_PUSH_KEY，取消iGot推送消息通知
Feb 22 00:15:15 
Feb 22 00:15:16 token is not exist
Feb 22 00:15:16 
Feb 22 00:15:16 Telegram发送通知消息完成。
Feb 22 00:15:16 
Feb 22 00:15:16 找不到 Key 对应的 DeviceToken, 请确保 Key 正确! Key 可在 App 端注册获得。
Feb 22 00:15:16 
Feb 22 00:15:16 
Feb 22 00:15:16 🔔宠汪汪, 结束! 🕛 11.879 秒
Feb 22 00:15:16 
