Feb 22 01:11:04 
Feb 22 01:11:04 🔔京东抽奖机, 开始!
Feb 22 01:11:09 
Feb 22 01:11:09 🔔京东抽奖机, 开始!
Feb 22 01:11:09 
Feb 22 01:11:09 ====================共有1个京东账号Cookie=========
Feb 22 01:11:09 
Feb 22 01:11:09 ==================脚本执行- 北京时间(UTC+8)：2/22/2021, 1:11:09 AM=====================
Feb 22 01:11:09 
Feb 22 01:11:09 共1个京东账号
Feb 22 01:11:09 
Feb 22 01:11:09 
Feb 22 01:11:09 🔔京东抽奖机, 结束! 🕛 5.996 秒
Feb 22 01:11:09 
Feb 22 01:11:10 
Feb 22 01:11:10 ==============📣系统通知📣==============
Feb 22 01:11:10 京东抽奖机
Feb 22 01:11:10 【提示】京东账号1 cookie已过期！请先获取cookie
Feb 22 01:11:10 直接使用NobyDa的京东签到获取
Feb 22 01:11:10 https://bean.m.jd.com/
Feb 22 01:11:10 
Feb 22 01:11:10 🔔京东抽奖机, 结束! 🕛 0.864 秒
Feb 22 01:11:10 
