Feb 22 00:00:08 
Feb 22 00:00:08 🔔京东摇钱树, 开始!
Feb 22 00:00:09 
Feb 22 00:00:09 ====================共有1个京东账号Cookie=========
Feb 22 00:00:09 
Feb 22 00:00:09 ==================脚本执行- 北京时间(UTC+8)：2/22/2021, 12:00:09 AM=====================
Feb 22 00:00:09 
Feb 22 00:00:27 
Feb 22 00:00:27 开始【京东账号1】jd_wPcJDZeiQcAi
Feb 22 00:00:27 
Feb 22 00:00:28 
Feb 22 00:00:28 ==============📣系统通知📣==============
Feb 22 00:00:28 京东摇钱树
Feb 22 00:00:28 【提示】cookie已失效
Feb 22 00:00:28 京东账号1 jd_wPcJDZeiQcAi
Feb 22 00:00:28 请重新登录获取
Feb 22 00:00:28 https://bean.m.jd.com/bean/signIndex.action
Feb 22 00:00:28 您未提供push+推送所需的PUSH_PLUS_TOKEN，取消push+推送消息通知
Feb 22 00:00:28 
Feb 22 00:00:38 您未提供企业微信机器人推送所需的QYWX_KEY，取消企业微信推送消息通知
Feb 22 00:00:39 
Feb 22 00:00:39 您未提供企业微信应用消息推送所需的QYWX_AM，取消企业微信应用消息推送消息通知
Feb 22 00:00:39 
Feb 22 00:00:39 您未提供iGot的推送IGOT_PUSH_KEY，取消iGot推送消息通知
Feb 22 00:00:39 
Feb 22 00:00:39 token is not exist
Feb 22 00:00:39 
Feb 22 00:00:39 Telegram发送通知消息完成。
Feb 22 00:00:39 
Feb 22 00:00:39 找不到 Key 对应的 DeviceToken, 请确保 Key 正确! Key 可在 App 端注册获得。
Feb 22 00:00:39 
Feb 22 00:00:39 
Feb 22 00:00:39 🔔京东摇钱树, 结束! 🕛 32.337 秒
Feb 22 00:00:39 
