Feb 22 07:10:04 
Feb 22 07:10:04 🔔京东秒秒币, 开始!
Feb 22 07:10:04 
Feb 22 07:10:04 ====================共有1个京东账号Cookie=========
Feb 22 07:10:04 
Feb 22 07:10:05 ==================脚本执行- 北京时间(UTC+8)：2/22/2021, 7:10:05 AM=====================
Feb 22 07:10:05 
Feb 22 07:10:12 
Feb 22 07:10:12 ******开始【京东账号1】jd_wPcJDZeiQcAi*********
Feb 22 07:10:12 
Feb 22 07:10:12 
Feb 22 07:10:12 ==============📣系统通知📣==============
Feb 22 07:10:12 京东秒秒币
Feb 22 07:10:12 【提示】cookie已失效
Feb 22 07:10:12 京东账号1 jd_wPcJDZeiQcAi
Feb 22 07:10:12 请重新登录获取
Feb 22 07:10:12 https://bean.m.jd.com/
Feb 22 07:10:12 您未提供push+推送所需的PUSH_PLUS_TOKEN，取消push+推送消息通知
Feb 22 07:10:12 
Feb 22 07:10:18 您未提供企业微信机器人推送所需的QYWX_KEY，取消企业微信推送消息通知
Feb 22 07:10:18 
Feb 22 07:10:18 您未提供企业微信应用消息推送所需的QYWX_AM，取消企业微信应用消息推送消息通知
Feb 22 07:10:18 
Feb 22 07:10:18 您未提供iGot的推送IGOT_PUSH_KEY，取消iGot推送消息通知
Feb 22 07:10:18 
Feb 22 07:10:18 token is not exist
Feb 22 07:10:18 
Feb 22 07:10:18 Telegram发送通知消息完成。
Feb 22 07:10:18 
Feb 22 07:10:19 找不到 Key 对应的 DeviceToken, 请确保 Key 正确! Key 可在 App 端注册获得。
Feb 22 07:10:19 
Feb 22 07:10:19 
Feb 22 07:10:19 🔔京东秒秒币, 结束! 🕛 15.123 秒
Feb 22 07:10:19 
