Feb 22 00:20:02 
Feb 22 00:20:02 🔔点点券, 开始!
Feb 22 00:20:03 
Feb 22 00:20:03 ====================共有1个京东账号Cookie=========
Feb 22 00:20:03 
Feb 22 00:20:03 ==================脚本执行- 北京时间(UTC+8)：2/22/2021, 12:20:03 AM=====================
Feb 22 00:20:03 
Feb 22 00:20:08 
Feb 22 00:20:08 开始【京东账号1】jd_wPcJDZeiQcAi
Feb 22 00:20:08 
Feb 22 00:20:08 
Feb 22 00:20:08 ==============📣系统通知📣==============
Feb 22 00:20:08 点点券
Feb 22 00:20:08 【提示】cookie已失效
Feb 22 00:20:08 京东账号1 jd_wPcJDZeiQcAi
Feb 22 00:20:08 请重新登录获取
Feb 22 00:20:08 https://bean.m.jd.com/bean/signIndex.action
Feb 22 00:20:08 您未提供push+推送所需的PUSH_PLUS_TOKEN，取消push+推送消息通知
Feb 22 00:20:08 
Feb 22 00:20:18 您未提供企业微信机器人推送所需的QYWX_KEY，取消企业微信推送消息通知
Feb 22 00:20:18 
Feb 22 00:20:18 您未提供企业微信应用消息推送所需的QYWX_AM，取消企业微信应用消息推送消息通知
Feb 22 00:20:18 
Feb 22 00:20:18 您未提供iGot的推送IGOT_PUSH_KEY，取消iGot推送消息通知
Feb 22 00:20:18 
Feb 22 00:20:18 token is not exist
Feb 22 00:20:18 
Feb 22 00:20:18 Telegram发送通知消息完成。
Feb 22 00:20:18 
Feb 22 00:20:18 找不到 Key 对应的 DeviceToken, 请确保 Key 正确! Key 可在 App 端注册获得。
Feb 22 00:20:18 
Feb 22 00:20:18 
Feb 22 00:20:18 🔔点点券, 结束! 🕛 15.901 秒
Feb 22 00:20:18 
