Feb 22 07:05:02 
Feb 22 07:05:02 🔔女装盲盒抽京豆, 开始!
Feb 22 07:05:02 
Feb 22 07:05:02 ====================共有1个京东账号Cookie=========
Feb 22 07:05:02 
Feb 22 07:05:02 ==================脚本执行- 北京时间(UTC+8)：2/22/2021, 7:05:02 AM=====================
Feb 22 07:05:02 
Feb 22 07:05:06 
Feb 22 07:05:06 ******开始【京东账号1】jd_wPcJDZeiQcAi*********
Feb 22 07:05:06 
Feb 22 07:05:06 
Feb 22 07:05:06 ==============📣系统通知📣==============
Feb 22 07:05:06 女装盲盒抽京豆
Feb 22 07:05:06 【提示】cookie已失效
Feb 22 07:05:06 京东账号1 jd_wPcJDZeiQcAi
Feb 22 07:05:06 请重新登录获取
Feb 22 07:05:06 https://bean.m.jd.com/
Feb 22 07:05:06 您未提供push+推送所需的PUSH_PLUS_TOKEN，取消push+推送消息通知
Feb 22 07:05:06 
Feb 22 07:05:09 您未提供企业微信机器人推送所需的QYWX_KEY，取消企业微信推送消息通知
Feb 22 07:05:09 
Feb 22 07:05:09 您未提供企业微信应用消息推送所需的QYWX_AM，取消企业微信应用消息推送消息通知
Feb 22 07:05:09 
Feb 22 07:05:09 您未提供iGot的推送IGOT_PUSH_KEY，取消iGot推送消息通知
Feb 22 07:05:09 
Feb 22 07:05:10 token is not exist
Feb 22 07:05:10 
Feb 22 07:05:10 Telegram发送通知消息完成。
Feb 22 07:05:10 
Feb 22 07:05:10 找不到 Key 对应的 DeviceToken, 请确保 Key 正确! Key 可在 App 端注册获得。
Feb 22 07:05:10 
Feb 22 07:05:10 
Feb 22 07:05:10 🔔女装盲盒抽京豆, 结束! 🕛 8.043 秒
Feb 22 07:05:10 
