Feb 22 07:00:02 
Feb 22 07:00:02 🔔京东种豆得豆, 开始!
Feb 22 07:00:02 开始获取种豆得豆配置文件
Feb 22 07:00:02 
Feb 22 07:00:02 
Feb 22 07:00:02 ====================共有1个京东账号Cookie=========
Feb 22 07:00:02 
Feb 22 07:00:02 ==================脚本执行- 北京时间(UTC+8)：2/22/2021, 7:00:02 AM=====================
Feb 22 07:00:02 
Feb 22 07:00:02 共1个京东账号
Feb 22 07:00:02 
Feb 22 07:00:02 您提供了1个账号的种豆得豆助力码
Feb 22 07:00:02 
Feb 22 07:00:07 
Feb 22 07:00:07 开始【京东账号1】jd_wPcJDZeiQcAi
Feb 22 07:00:07 
Feb 22 07:00:07 
Feb 22 07:00:07 ==============📣系统通知📣==============
Feb 22 07:00:07 京东种豆得豆
Feb 22 07:00:07 【提示】cookie已失效
Feb 22 07:00:07 京东账号1 jd_wPcJDZeiQcAi
Feb 22 07:00:07 请重新登录获取
Feb 22 07:00:07 https://bean.m.jd.com/bean/signIndex.action
Feb 22 07:00:07 您未提供push+推送所需的PUSH_PLUS_TOKEN，取消push+推送消息通知
Feb 22 07:00:07 
Feb 22 07:00:12 您未提供企业微信机器人推送所需的QYWX_KEY，取消企业微信推送消息通知
Feb 22 07:00:12 
Feb 22 07:00:12 您未提供企业微信应用消息推送所需的QYWX_AM，取消企业微信应用消息推送消息通知
Feb 22 07:00:12 
Feb 22 07:00:12 您未提供iGot的推送IGOT_PUSH_KEY，取消iGot推送消息通知
Feb 22 07:00:12 
Feb 22 07:00:12 token is not exist
Feb 22 07:00:12 
Feb 22 07:00:12 Telegram发送通知消息完成。
Feb 22 07:00:12 
Feb 22 07:00:12 找不到 Key 对应的 DeviceToken, 请确保 Key 正确! Key 可在 App 端注册获得。
Feb 22 07:00:12 
Feb 22 07:00:12 
Feb 22 07:00:12 🔔京东种豆得豆, 结束! 🕛 10.614 秒
Feb 22 07:00:12 
Feb 22 08:00:04 
Feb 22 08:00:04 🔔京东种豆得豆, 开始!
Feb 22 08:00:04 开始获取种豆得豆配置文件
Feb 22 08:00:04 
Feb 22 08:00:04 
Feb 22 08:00:04 ====================共有1个京东账号Cookie=========
Feb 22 08:00:04 
Feb 22 08:00:04 ==================脚本执行- 北京时间(UTC+8)：2/22/2021, 8:00:04 AM=====================
Feb 22 08:00:04 
Feb 22 08:00:04 共1个京东账号
Feb 22 08:00:04 
Feb 22 08:00:04 您提供了1个账号的种豆得豆助力码
Feb 22 08:00:04 
Feb 22 08:00:11 
Feb 22 08:00:11 开始【京东账号1】jd_wPcJDZeiQcAi
Feb 22 08:00:11 
Feb 22 08:00:11 
Feb 22 08:00:11 ==============📣系统通知📣==============
Feb 22 08:00:11 京东种豆得豆
Feb 22 08:00:11 【提示】cookie已失效
Feb 22 08:00:11 京东账号1 jd_wPcJDZeiQcAi
Feb 22 08:00:11 请重新登录获取
Feb 22 08:00:11 https://bean.m.jd.com/bean/signIndex.action
Feb 22 08:00:11 您未提供push+推送所需的PUSH_PLUS_TOKEN，取消push+推送消息通知
Feb 22 08:00:11 
Feb 22 08:00:19 您未提供企业微信机器人推送所需的QYWX_KEY，取消企业微信推送消息通知
Feb 22 08:00:19 
Feb 22 08:00:19 您未提供企业微信应用消息推送所需的QYWX_AM，取消企业微信应用消息推送消息通知
Feb 22 08:00:19 
Feb 22 08:00:19 您未提供iGot的推送IGOT_PUSH_KEY，取消iGot推送消息通知
Feb 22 08:00:19 
Feb 22 08:00:19 token is not exist
Feb 22 08:00:19 
Feb 22 08:00:20 Telegram发送通知消息完成。
Feb 22 08:00:20 
Feb 22 08:00:20 找不到 Key 对应的 DeviceToken, 请确保 Key 正确! Key 可在 App 端注册获得。
Feb 22 08:00:20 
Feb 22 08:00:20 
Feb 22 08:00:20 🔔京东种豆得豆, 结束! 🕛 16.095 秒
Feb 22 08:00:20 
Feb 22 09:00:05 
Feb 22 09:00:05 🔔京东种豆得豆, 开始!
Feb 22 09:00:05 开始获取种豆得豆配置文件
Feb 22 09:00:05 
Feb 22 09:00:06 
Feb 22 09:00:06 ====================共有1个京东账号Cookie=========
Feb 22 09:00:06 
Feb 22 09:00:06 ==================脚本执行- 北京时间(UTC+8)：2/22/2021, 9:00:06 AM=====================
Feb 22 09:00:06 
Feb 22 09:00:06 共1个京东账号
Feb 22 09:00:06 
Feb 22 09:00:06 您提供了1个账号的种豆得豆助力码
Feb 22 09:00:06 
Feb 22 09:00:16 
Feb 22 09:00:16 开始【京东账号1】jd_wPcJDZeiQcAi
Feb 22 09:00:16 
Feb 22 09:00:16 
Feb 22 09:00:16 ==============📣系统通知📣==============
Feb 22 09:00:16 京东种豆得豆
Feb 22 09:00:16 【提示】cookie已失效
Feb 22 09:00:16 京东账号1 jd_wPcJDZeiQcAi
Feb 22 09:00:16 请重新登录获取
Feb 22 09:00:16 https://bean.m.jd.com/bean/signIndex.action
Feb 22 09:00:16 您未提供push+推送所需的PUSH_PLUS_TOKEN，取消push+推送消息通知
Feb 22 09:00:16 
Feb 22 09:00:23 您未提供企业微信机器人推送所需的QYWX_KEY，取消企业微信推送消息通知
Feb 22 09:00:23 
Feb 22 09:00:23 您未提供企业微信应用消息推送所需的QYWX_AM，取消企业微信应用消息推送消息通知
Feb 22 09:00:23 
Feb 22 09:00:23 您未提供iGot的推送IGOT_PUSH_KEY，取消iGot推送消息通知
Feb 22 09:00:23 
Feb 22 09:00:24 token is not exist
Feb 22 09:00:24 
Feb 22 09:00:25 找不到 Key 对应的 DeviceToken, 请确保 Key 正确! Key 可在 App 端注册获得。
Feb 22 09:00:25 
Feb 22 09:02:34 telegram发送通知消息失败！！
Feb 22 09:02:34 
Feb 22 09:02:34 RequestError: connect ETIMEDOUT 149.154.167.220:443
Feb 22 09:02:34     at ClientRequest.<anonymous> (/scripts/node_modules/got/dist/source/core/index.js:953:111)
Feb 22 09:02:34     at Object.onceWrapper (events.js:421:26)
Feb 22 09:02:34     at ClientRequest.emit (events.js:326:22)
Feb 22 09:02:34     at ClientRequest.origin.emit (/scripts/node_modules/@szmarczak/http-timer/dist/source/index.js:39:20)
Feb 22 09:02:34     at TLSSocket.socketErrorListener (_http_client.js:427:9)
Feb 22 09:02:34     at TLSSocket.emit (events.js:314:20)
Feb 22 09:02:34     at emitErrorNT (internal/streams/destroy.js:92:8)
Feb 22 09:02:34     at emitErrorAndCloseNT (internal/streams/destroy.js:60:3)
Feb 22 09:02:34     at processTicksAndRejections (internal/process/task_queues.js:84:21)
Feb 22 09:02:34     at TCPConnectWrap.afterConnect [as oncomplete] (net.js:1144:16) {
Feb 22 09:02:34   code: 'ETIMEDOUT',
Feb 22 09:02:34   timings: {
Feb 22 09:02:34     start: 1613955624347,
Feb 22 09:02:34     socket: 1613955624364,
Feb 22 09:02:34     lookup: 1613955624365,
Feb 22 09:02:34     connect: undefined,
Feb 22 09:02:34     secureConnect: undefined,
Feb 22 09:02:34     upload: undefined,
Feb 22 09:02:34     response: undefined,
Feb 22 09:02:34     end: undefined,
Feb 22 09:02:34     error: 1613955754487,
Feb 22 09:02:34     abort: undefined,
Feb 22 09:02:34     phases: {
Feb 22 09:02:34       wait: 17,
Feb 22 09:02:34       dns: 1,
Feb 22 09:02:34       tcp: undefined,
Feb 22 09:02:34       tls: undefined,
Feb 22 09:02:34       request: undefined,
Feb 22 09:02:34       firstByte: undefined,
Feb 22 09:02:34       download: undefined,
Feb 22 09:02:34       total: 130140
Feb 22 09:02:34     }
Feb 22 09:02:34   }
Feb 22 09:02:34 }
Feb 22 09:02:34 
Feb 22 09:02:34 🔔京东种豆得豆, 结束! 🕛 149.138 秒
Feb 22 09:02:34 
Feb 22 10:00:05 
Feb 22 10:00:05 🔔京东种豆得豆, 开始!
Feb 22 10:00:05 开始获取种豆得豆配置文件
Feb 22 10:00:05 
Feb 22 10:00:05 
Feb 22 10:00:05 ====================共有1个京东账号Cookie=========
Feb 22 10:00:05 
Feb 22 10:00:05 ==================脚本执行- 北京时间(UTC+8)：2/22/2021, 10:00:05 AM=====================
Feb 22 10:00:05 
Feb 22 10:00:05 共1个京东账号
Feb 22 10:00:05 
Feb 22 10:00:05 您提供了1个账号的种豆得豆助力码
Feb 22 10:00:05 
Feb 22 10:00:17 
Feb 22 10:00:17 开始【京东账号1】jd_wPcJDZeiQcAi
Feb 22 10:00:17 
Feb 22 10:00:17 
Feb 22 10:00:17 ==============📣系统通知📣==============
Feb 22 10:00:17 京东种豆得豆
Feb 22 10:00:17 【提示】cookie已失效
Feb 22 10:00:17 京东账号1 jd_wPcJDZeiQcAi
Feb 22 10:00:17 请重新登录获取
Feb 22 10:00:17 https://bean.m.jd.com/bean/signIndex.action
Feb 22 10:00:17 您未提供push+推送所需的PUSH_PLUS_TOKEN，取消push+推送消息通知
Feb 22 10:00:17 
Feb 22 10:00:56 您未提供企业微信机器人推送所需的QYWX_KEY，取消企业微信推送消息通知
Feb 22 10:00:56 
Feb 22 10:00:56 您未提供企业微信应用消息推送所需的QYWX_AM，取消企业微信应用消息推送消息通知
Feb 22 10:00:56 
Feb 22 10:00:56 您未提供iGot的推送IGOT_PUSH_KEY，取消iGot推送消息通知
Feb 22 10:00:56 
Feb 22 10:00:57 token is not exist
Feb 22 10:00:57 
Feb 22 10:00:57 Telegram发送通知消息完成。
Feb 22 10:00:57 
Feb 22 10:00:57 找不到 Key 对应的 DeviceToken, 请确保 Key 正确! Key 可在 App 端注册获得。
Feb 22 10:00:57 
Feb 22 10:00:57 
Feb 22 10:00:57 🔔京东种豆得豆, 结束! 🕛 52.327 秒
Feb 22 10:00:57 
Feb 22 11:00:01 
Feb 22 11:00:01 🔔京东种豆得豆, 开始!
Feb 22 11:00:01 开始获取种豆得豆配置文件
Feb 22 11:00:01 
Feb 22 11:00:01 
Feb 22 11:00:01 ====================共有1个京东账号Cookie=========
Feb 22 11:00:01 
Feb 22 11:00:02 ==================脚本执行- 北京时间(UTC+8)：2/22/2021, 11:00:02 AM=====================
Feb 22 11:00:02 
Feb 22 11:00:02 共1个京东账号
Feb 22 11:00:02 
Feb 22 11:00:02 您提供了1个账号的种豆得豆助力码
Feb 22 11:00:02 
Feb 22 11:00:05 
Feb 22 11:00:05 开始【京东账号1】jd_wPcJDZeiQcAi
Feb 22 11:00:05 
Feb 22 11:00:05 
Feb 22 11:00:05 ==============📣系统通知📣==============
Feb 22 11:00:05 京东种豆得豆
Feb 22 11:00:05 【提示】cookie已失效
Feb 22 11:00:05 京东账号1 jd_wPcJDZeiQcAi
Feb 22 11:00:05 请重新登录获取
Feb 22 11:00:05 https://bean.m.jd.com/bean/signIndex.action
Feb 22 11:00:05 您未提供push+推送所需的PUSH_PLUS_TOKEN，取消push+推送消息通知
Feb 22 11:00:05 
Feb 22 11:00:10 您未提供企业微信机器人推送所需的QYWX_KEY，取消企业微信推送消息通知
Feb 22 11:00:10 
Feb 22 11:00:10 您未提供企业微信应用消息推送所需的QYWX_AM，取消企业微信应用消息推送消息通知
Feb 22 11:00:10 
Feb 22 11:00:10 您未提供iGot的推送IGOT_PUSH_KEY，取消iGot推送消息通知
Feb 22 11:00:10 
Feb 22 11:00:11 token is not exist
Feb 22 11:00:11 
Feb 22 11:00:11 Telegram发送通知消息完成。
Feb 22 11:00:11 
Feb 22 11:00:11 找不到 Key 对应的 DeviceToken, 请确保 Key 正确! Key 可在 App 端注册获得。
Feb 22 11:00:11 
Feb 22 11:00:11 
Feb 22 11:00:11 🔔京东种豆得豆, 结束! 🕛 10.365 秒
Feb 22 11:00:11 
Feb 22 12:00:07 
Feb 22 12:00:07 🔔京东种豆得豆, 开始!
Feb 22 12:00:07 开始获取种豆得豆配置文件
Feb 22 12:00:07 
Feb 22 12:00:07 
Feb 22 12:00:07 ====================共有1个京东账号Cookie=========
Feb 22 12:00:07 
Feb 22 12:00:07 ==================脚本执行- 北京时间(UTC+8)：2/22/2021, 12:00:07 PM=====================
Feb 22 12:00:07 
Feb 22 12:00:07 共1个京东账号
Feb 22 12:00:07 
Feb 22 12:00:07 您提供了1个账号的种豆得豆助力码
Feb 22 12:00:07 
Feb 22 12:00:20 
Feb 22 12:00:20 开始【京东账号1】jd_wPcJDZeiQcAi
Feb 22 12:00:20 
Feb 22 12:00:20 
Feb 22 12:00:20 ==============📣系统通知📣==============
Feb 22 12:00:20 京东种豆得豆
Feb 22 12:00:20 【提示】cookie已失效
Feb 22 12:00:20 京东账号1 jd_wPcJDZeiQcAi
Feb 22 12:00:20 请重新登录获取
Feb 22 12:00:20 https://bean.m.jd.com/bean/signIndex.action
Feb 22 12:00:20 您未提供push+推送所需的PUSH_PLUS_TOKEN，取消push+推送消息通知
Feb 22 12:00:20 
Feb 22 12:00:26 您未提供企业微信机器人推送所需的QYWX_KEY，取消企业微信推送消息通知
Feb 22 12:00:26 
Feb 22 12:00:26 您未提供企业微信应用消息推送所需的QYWX_AM，取消企业微信应用消息推送消息通知
Feb 22 12:00:26 
Feb 22 12:00:26 您未提供iGot的推送IGOT_PUSH_KEY，取消iGot推送消息通知
Feb 22 12:00:26 
Feb 22 12:00:27 token is not exist
Feb 22 12:00:27 
Feb 22 12:00:27 Telegram发送通知消息完成。
Feb 22 12:00:27 
Feb 22 12:00:27 找不到 Key 对应的 DeviceToken, 请确保 Key 正确! Key 可在 App 端注册获得。
Feb 22 12:00:27 
Feb 22 12:00:27 
Feb 22 12:00:27 🔔京东种豆得豆, 结束! 🕛 20.396 秒
Feb 22 12:00:27 
Feb 22 13:00:02 
Feb 22 13:00:02 🔔京东种豆得豆, 开始!
Feb 22 13:00:02 开始获取种豆得豆配置文件
Feb 22 13:00:02 
Feb 22 13:00:02 
Feb 22 13:00:02 ====================共有1个京东账号Cookie=========
Feb 22 13:00:02 
Feb 22 13:00:02 ==================脚本执行- 北京时间(UTC+8)：2/22/2021, 1:00:02 PM=====================
Feb 22 13:00:02 
Feb 22 13:00:02 共1个京东账号
Feb 22 13:00:02 
Feb 22 13:00:02 您提供了1个账号的种豆得豆助力码
Feb 22 13:00:02 
Feb 22 13:00:05 
Feb 22 13:00:05 开始【京东账号1】jd_wPcJDZeiQcAi
Feb 22 13:00:05 
Feb 22 13:00:05 
Feb 22 13:00:05 ==============📣系统通知📣==============
Feb 22 13:00:05 京东种豆得豆
Feb 22 13:00:05 【提示】cookie已失效
Feb 22 13:00:05 京东账号1 jd_wPcJDZeiQcAi
Feb 22 13:00:05 请重新登录获取
Feb 22 13:00:05 https://bean.m.jd.com/bean/signIndex.action
Feb 22 13:00:05 您未提供push+推送所需的PUSH_PLUS_TOKEN，取消push+推送消息通知
Feb 22 13:00:05 
Feb 22 13:00:15 您未提供企业微信机器人推送所需的QYWX_KEY，取消企业微信推送消息通知
Feb 22 13:00:15 
Feb 22 13:00:15 您未提供企业微信应用消息推送所需的QYWX_AM，取消企业微信应用消息推送消息通知
Feb 22 13:00:15 
Feb 22 13:00:15 您未提供iGot的推送IGOT_PUSH_KEY，取消iGot推送消息通知
Feb 22 13:00:15 
Feb 22 13:00:16 Telegram发送通知消息完成。
Feb 22 13:00:16 
Feb 22 13:00:16 找不到 Key 对应的 DeviceToken, 请确保 Key 正确! Key 可在 App 端注册获得。
Feb 22 13:00:16 
Feb 22 13:00:16 token is not exist
Feb 22 13:00:16 
Feb 22 13:00:16 
Feb 22 13:00:16 🔔京东种豆得豆, 结束! 🕛 14.611 秒
Feb 22 13:00:16 
