Feb 22 00:12:01 
Feb 22 00:12:01 🔔金融养猪, 开始!
Feb 22 00:12:01 
Feb 22 00:12:01 ====================共有1个京东账号Cookie=========
Feb 22 00:12:01 
Feb 22 00:12:01 ==================脚本执行- 北京时间(UTC+8)：2/22/2021, 12:12:01 AM=====================
Feb 22 00:12:01 
Feb 22 00:12:03 
Feb 22 00:12:03 开始【京东账号1】jd_wPcJDZeiQcAi
Feb 22 00:12:03 
Feb 22 00:12:03 
Feb 22 00:12:03 ==============📣系统通知📣==============
Feb 22 00:12:03 金融养猪
Feb 22 00:12:03 【提示】cookie已失效
Feb 22 00:12:03 京东账号1 jd_wPcJDZeiQcAi
Feb 22 00:12:03 请重新登录获取
Feb 22 00:12:03 https://bean.m.jd.com/bean/signIndex.action
Feb 22 00:12:03 您未提供push+推送所需的PUSH_PLUS_TOKEN，取消push+推送消息通知
Feb 22 00:12:03 
Feb 22 00:12:24 您未提供企业微信机器人推送所需的QYWX_KEY，取消企业微信推送消息通知
Feb 22 00:12:24 
Feb 22 00:12:24 您未提供企业微信应用消息推送所需的QYWX_AM，取消企业微信应用消息推送消息通知
Feb 22 00:12:24 
Feb 22 00:12:24 您未提供iGot的推送IGOT_PUSH_KEY，取消iGot推送消息通知
Feb 22 00:12:24 
Feb 22 00:12:24 token is not exist
Feb 22 00:12:24 
Feb 22 00:12:25 Telegram发送通知消息完成。
Feb 22 00:12:25 
Feb 22 00:12:25 找不到 Key 对应的 DeviceToken, 请确保 Key 正确! Key 可在 App 端注册获得。
Feb 22 00:12:25 
Feb 22 00:12:25 
Feb 22 00:12:25 🔔金融养猪, 结束! 🕛 23.988 秒
Feb 22 00:12:25 
Feb 22 01:12:02 
Feb 22 01:12:02 🔔金融养猪, 开始!
Feb 22 01:12:02 
Feb 22 01:12:02 ====================共有1个京东账号Cookie=========
Feb 22 01:12:02 
Feb 22 01:12:02 ==================脚本执行- 北京时间(UTC+8)：2/22/2021, 1:12:02 AM=====================
Feb 22 01:12:02 
Feb 22 01:12:04 
Feb 22 01:12:04 开始【京东账号1】jd_wPcJDZeiQcAi
Feb 22 01:12:04 
Feb 22 01:12:04 
Feb 22 01:12:04 ==============📣系统通知📣==============
Feb 22 01:12:04 金融养猪
Feb 22 01:12:04 【提示】cookie已失效
Feb 22 01:12:04 京东账号1 jd_wPcJDZeiQcAi
Feb 22 01:12:04 请重新登录获取
Feb 22 01:12:04 https://bean.m.jd.com/bean/signIndex.action
Feb 22 01:12:04 您未提供push+推送所需的PUSH_PLUS_TOKEN，取消push+推送消息通知
Feb 22 01:12:04 
Feb 22 01:12:09 您未提供企业微信机器人推送所需的QYWX_KEY，取消企业微信推送消息通知
Feb 22 01:12:09 
Feb 22 01:12:09 您未提供企业微信应用消息推送所需的QYWX_AM，取消企业微信应用消息推送消息通知
Feb 22 01:12:09 
Feb 22 01:12:09 您未提供iGot的推送IGOT_PUSH_KEY，取消iGot推送消息通知
Feb 22 01:12:09 
Feb 22 01:12:10 token is not exist
Feb 22 01:12:10 
Feb 22 01:12:10 Telegram发送通知消息完成。
Feb 22 01:12:10 
Feb 22 01:12:10 找不到 Key 对应的 DeviceToken, 请确保 Key 正确! Key 可在 App 端注册获得。
Feb 22 01:12:10 
Feb 22 01:12:10 
Feb 22 01:12:10 🔔金融养猪, 结束! 🕛 7.88 秒
Feb 22 01:12:10 
