Feb 22 00:08:01 
Feb 22 00:08:01 🔔✈️天天加速, 开始!
Feb 22 00:08:01 
Feb 22 00:08:01 ====================共有1个京东账号Cookie=========
Feb 22 00:08:01 
Feb 22 00:08:02 ==================脚本执行- 北京时间(UTC+8)：2/22/2021, 12:08:01 AM=====================
Feb 22 00:08:02 
Feb 22 00:08:04 
Feb 22 00:08:04 开始【京东账号1】jd_wPcJDZeiQcAi
Feb 22 00:08:04 
Feb 22 00:08:04 
Feb 22 00:08:04 ==============📣系统通知📣==============
Feb 22 00:08:04 ✈️天天加速
Feb 22 00:08:04 【提示】cookie已失效
Feb 22 00:08:04 京东账号1 jd_wPcJDZeiQcAi
Feb 22 00:08:04 请重新登录获取
Feb 22 00:08:04 https://bean.m.jd.com/bean/signIndex.action
Feb 22 00:08:04 您未提供push+推送所需的PUSH_PLUS_TOKEN，取消push+推送消息通知
Feb 22 00:08:04 
Feb 22 00:08:07 您未提供企业微信机器人推送所需的QYWX_KEY，取消企业微信推送消息通知
Feb 22 00:08:07 
Feb 22 00:08:07 您未提供企业微信应用消息推送所需的QYWX_AM，取消企业微信应用消息推送消息通知
Feb 22 00:08:07 
Feb 22 00:08:07 您未提供iGot的推送IGOT_PUSH_KEY，取消iGot推送消息通知
Feb 22 00:08:07 
Feb 22 00:08:08 token is not exist
Feb 22 00:08:08 
Feb 22 00:08:08 Telegram发送通知消息完成。
Feb 22 00:08:08 
Feb 22 00:08:08 找不到 Key 对应的 DeviceToken, 请确保 Key 正确! Key 可在 App 端注册获得。
Feb 22 00:08:08 
Feb 22 00:08:08 
Feb 22 00:08:08 🔔✈️天天加速, 结束! 🕛 6.548 秒
Feb 22 00:08:08 
Feb 22 03:08:02 
Feb 22 03:08:02 🔔✈️天天加速, 开始!
Feb 22 03:08:02 
Feb 22 03:08:02 ====================共有1个京东账号Cookie=========
Feb 22 03:08:02 
Feb 22 03:08:02 ==================脚本执行- 北京时间(UTC+8)：2/22/2021, 3:08:02 AM=====================
Feb 22 03:08:02 
Feb 22 03:08:05 
Feb 22 03:08:05 开始【京东账号1】jd_wPcJDZeiQcAi
Feb 22 03:08:05 
Feb 22 03:08:05 
Feb 22 03:08:05 ==============📣系统通知📣==============
Feb 22 03:08:05 ✈️天天加速
Feb 22 03:08:05 【提示】cookie已失效
Feb 22 03:08:05 京东账号1 jd_wPcJDZeiQcAi
Feb 22 03:08:05 请重新登录获取
Feb 22 03:08:05 https://bean.m.jd.com/bean/signIndex.action
Feb 22 03:08:05 您未提供push+推送所需的PUSH_PLUS_TOKEN，取消push+推送消息通知
Feb 22 03:08:05 
Feb 22 03:08:09 您未提供企业微信机器人推送所需的QYWX_KEY，取消企业微信推送消息通知
Feb 22 03:08:09 
Feb 22 03:08:09 您未提供企业微信应用消息推送所需的QYWX_AM，取消企业微信应用消息推送消息通知
Feb 22 03:08:09 
Feb 22 03:08:09 您未提供iGot的推送IGOT_PUSH_KEY，取消iGot推送消息通知
Feb 22 03:08:09 
Feb 22 03:08:09 token is not exist
Feb 22 03:08:09 
Feb 22 03:08:09 Telegram发送通知消息完成。
Feb 22 03:08:09 
Feb 22 03:08:09 找不到 Key 对应的 DeviceToken, 请确保 Key 正确! Key 可在 App 端注册获得。
Feb 22 03:08:09 
Feb 22 03:08:09 
Feb 22 03:08:09 🔔✈️天天加速, 结束! 🕛 7.588 秒
Feb 22 03:08:09 
Feb 22 06:08:01 
Feb 22 06:08:01 🔔✈️天天加速, 开始!
Feb 22 06:08:01 
Feb 22 06:08:01 ====================共有1个京东账号Cookie=========
Feb 22 06:08:01 
Feb 22 06:08:01 ==================脚本执行- 北京时间(UTC+8)：2/22/2021, 6:08:01 AM=====================
Feb 22 06:08:01 
Feb 22 06:08:04 
Feb 22 06:08:04 开始【京东账号1】jd_wPcJDZeiQcAi
Feb 22 06:08:04 
Feb 22 06:08:04 
Feb 22 06:08:04 ==============📣系统通知📣==============
Feb 22 06:08:04 ✈️天天加速
Feb 22 06:08:04 【提示】cookie已失效
Feb 22 06:08:04 京东账号1 jd_wPcJDZeiQcAi
Feb 22 06:08:04 请重新登录获取
Feb 22 06:08:04 https://bean.m.jd.com/bean/signIndex.action
Feb 22 06:08:04 您未提供push+推送所需的PUSH_PLUS_TOKEN，取消push+推送消息通知
Feb 22 06:08:04 
Feb 22 06:08:09 您未提供企业微信机器人推送所需的QYWX_KEY，取消企业微信推送消息通知
Feb 22 06:08:09 
Feb 22 06:08:09 您未提供企业微信应用消息推送所需的QYWX_AM，取消企业微信应用消息推送消息通知
Feb 22 06:08:09 
Feb 22 06:08:09 您未提供iGot的推送IGOT_PUSH_KEY，取消iGot推送消息通知
Feb 22 06:08:09 
Feb 22 06:08:09 token is not exist
Feb 22 06:08:09 
Feb 22 06:08:10 Telegram发送通知消息完成。
Feb 22 06:08:10 
Feb 22 06:08:10 找不到 Key 对应的 DeviceToken, 请确保 Key 正确! Key 可在 App 端注册获得。
Feb 22 06:08:10 
Feb 22 06:08:10 
Feb 22 06:08:10 🔔✈️天天加速, 结束! 🕛 9.096 秒
Feb 22 06:08:10 
Feb 22 09:08:02 
Feb 22 09:08:02 🔔✈️天天加速, 开始!
Feb 22 09:08:02 
Feb 22 09:08:02 ====================共有1个京东账号Cookie=========
Feb 22 09:08:02 
Feb 22 09:08:03 ==================脚本执行- 北京时间(UTC+8)：2/22/2021, 9:08:02 AM=====================
Feb 22 09:08:03 
Feb 22 09:08:04 
Feb 22 09:08:04 开始【京东账号1】jd_wPcJDZeiQcAi
Feb 22 09:08:04 
Feb 22 09:08:04 
Feb 22 09:08:04 ==============📣系统通知📣==============
Feb 22 09:08:04 ✈️天天加速
Feb 22 09:08:04 【提示】cookie已失效
Feb 22 09:08:04 京东账号1 jd_wPcJDZeiQcAi
Feb 22 09:08:04 请重新登录获取
Feb 22 09:08:04 https://bean.m.jd.com/bean/signIndex.action
Feb 22 09:08:04 您未提供push+推送所需的PUSH_PLUS_TOKEN，取消push+推送消息通知
Feb 22 09:08:04 
Feb 22 09:08:10 发送通知调用API失败！！
Feb 22 09:08:10 
Feb 22 09:08:10 HTTPError: Response code 605 (https_out_of_quota)
Feb 22 09:08:10     at Request.<anonymous> (/scripts/node_modules/got/dist/source/as-promise/index.js:117:42)
Feb 22 09:08:10     at processTicksAndRejections (internal/process/task_queues.js:97:5) {
Feb 22 09:08:10   code: undefined,
Feb 22 09:08:10   timings: {
Feb 22 09:08:10     start: 1613956086728,
Feb 22 09:08:10     socket: 1613956086729,
Feb 22 09:08:10     lookup: 1613956088919,
Feb 22 09:08:10     connect: 1613956090121,
Feb 22 09:08:10     secureConnect: 1613956090466,
Feb 22 09:08:10     upload: 1613956090471,
Feb 22 09:08:10     response: 1613956090653,
Feb 22 09:08:10     end: 1613956090748,
Feb 22 09:08:10     error: undefined,
Feb 22 09:08:10     abort: undefined,
Feb 22 09:08:10     phases: {
Feb 22 09:08:10       wait: 1,
Feb 22 09:08:10       dns: 2190,
Feb 22 09:08:10       tcp: 1202,
Feb 22 09:08:10       tls: 345,
Feb 22 09:08:10       request: 5,
Feb 22 09:08:10       firstByte: 182,
Feb 22 09:08:10       download: 95,
Feb 22 09:08:10       total: 4020
Feb 22 09:08:10     }
Feb 22 09:08:10   }
Feb 22 09:08:10 }
Feb 22 09:08:10 您未提供企业微信机器人推送所需的QYWX_KEY，取消企业微信推送消息通知
Feb 22 09:08:10 
Feb 22 09:08:10 您未提供企业微信应用消息推送所需的QYWX_AM，取消企业微信应用消息推送消息通知
Feb 22 09:08:10 
Feb 22 09:08:10 您未提供iGot的推送IGOT_PUSH_KEY，取消iGot推送消息通知
Feb 22 09:08:10 
Feb 22 09:08:11 token is not exist
Feb 22 09:08:11 
Feb 22 09:08:11 Telegram发送通知消息完成。
Feb 22 09:08:11 
Feb 22 09:08:11 找不到 Key 对应的 DeviceToken, 请确保 Key 正确! Key 可在 App 端注册获得。
Feb 22 09:08:11 
Feb 22 09:08:11 
Feb 22 09:08:11 🔔✈️天天加速, 结束! 🕛 8.702 秒
Feb 22 09:08:11 
Feb 22 12:08:02 
Feb 22 12:08:02 🔔✈️天天加速, 开始!
Feb 22 12:08:02 
Feb 22 12:08:02 ====================共有1个京东账号Cookie=========
Feb 22 12:08:02 
Feb 22 12:08:02 ==================脚本执行- 北京时间(UTC+8)：2/22/2021, 12:08:02 PM=====================
Feb 22 12:08:02 
Feb 22 12:08:05 
Feb 22 12:08:05 开始【京东账号1】jd_wPcJDZeiQcAi
Feb 22 12:08:05 
Feb 22 12:08:05 
Feb 22 12:08:05 ==============📣系统通知📣==============
Feb 22 12:08:05 ✈️天天加速
Feb 22 12:08:05 【提示】cookie已失效
Feb 22 12:08:05 京东账号1 jd_wPcJDZeiQcAi
Feb 22 12:08:05 请重新登录获取
Feb 22 12:08:05 https://bean.m.jd.com/bean/signIndex.action
Feb 22 12:08:05 您未提供push+推送所需的PUSH_PLUS_TOKEN，取消push+推送消息通知
Feb 22 12:08:05 
Feb 22 12:08:09 您未提供企业微信机器人推送所需的QYWX_KEY，取消企业微信推送消息通知
Feb 22 12:08:09 
Feb 22 12:08:09 您未提供企业微信应用消息推送所需的QYWX_AM，取消企业微信应用消息推送消息通知
Feb 22 12:08:09 
Feb 22 12:08:09 您未提供iGot的推送IGOT_PUSH_KEY，取消iGot推送消息通知
Feb 22 12:08:09 
Feb 22 12:08:10 token is not exist
Feb 22 12:08:10 
Feb 22 12:08:10 找不到 Key 对应的 DeviceToken, 请确保 Key 正确! Key 可在 App 端注册获得。
Feb 22 12:08:10 
