Feb 22 01:11:04 
Feb 22 01:11:04 🔔东东超市, 开始!
Feb 22 01:11:04 
Feb 22 01:11:04 ====================共有1个京东账号Cookie=========
Feb 22 01:11:04 
Feb 22 01:11:04 ==================脚本执行- 北京时间(UTC+8)：2/22/2021, 1:11:04 AM=====================
Feb 22 01:11:04 
Feb 22 01:11:04 共1个京东账号
Feb 22 01:11:04 
Feb 22 01:11:10 
Feb 22 01:11:10 开始【京东账号1】jd_wPcJDZeiQcAi
Feb 22 01:11:10 
Feb 22 01:11:10 
Feb 22 01:11:10 ==============📣系统通知📣==============
Feb 22 01:11:10 东东超市
Feb 22 01:11:10 【提示】cookie已失效
Feb 22 01:11:10 京东账号1 jd_wPcJDZeiQcAi
Feb 22 01:11:10 请重新登录获取
Feb 22 01:11:10 https://bean.m.jd.com/bean/signIndex.action
Feb 22 01:11:10 您未提供push+推送所需的PUSH_PLUS_TOKEN，取消push+推送消息通知
Feb 22 01:11:10 
Feb 22 01:11:13 您未提供企业微信机器人推送所需的QYWX_KEY，取消企业微信推送消息通知
Feb 22 01:11:13 
Feb 22 01:11:13 您未提供企业微信应用消息推送所需的QYWX_AM，取消企业微信应用消息推送消息通知
Feb 22 01:11:13 
Feb 22 01:11:13 您未提供iGot的推送IGOT_PUSH_KEY，取消iGot推送消息通知
Feb 22 01:11:13 
Feb 22 01:11:13 token is not exist
Feb 22 01:11:13 
Feb 22 01:11:13 Telegram发送通知消息完成。
Feb 22 01:11:13 
Feb 22 01:11:14 找不到 Key 对应的 DeviceToken, 请确保 Key 正确! Key 可在 App 端注册获得。
Feb 22 01:11:14 
Feb 22 01:11:14 
Feb 22 01:11:14 🔔东东超市, 结束! 🕛 10.217 秒
Feb 22 01:11:14 
Feb 22 06:11:01 
Feb 22 06:11:01 🔔东东超市, 开始!
Feb 22 06:11:01 
Feb 22 06:11:01 ====================共有1个京东账号Cookie=========
Feb 22 06:11:01 
Feb 22 06:11:01 ==================脚本执行- 北京时间(UTC+8)：2/22/2021, 6:11:01 AM=====================
Feb 22 06:11:01 
Feb 22 06:11:01 共1个京东账号
Feb 22 06:11:01 
Feb 22 06:11:04 
Feb 22 06:11:04 开始【京东账号1】jd_wPcJDZeiQcAi
Feb 22 06:11:04 
Feb 22 06:11:04 
Feb 22 06:11:04 ==============📣系统通知📣==============
Feb 22 06:11:04 东东超市
Feb 22 06:11:04 【提示】cookie已失效
Feb 22 06:11:04 京东账号1 jd_wPcJDZeiQcAi
Feb 22 06:11:04 请重新登录获取
Feb 22 06:11:04 https://bean.m.jd.com/bean/signIndex.action
Feb 22 06:11:04 您未提供push+推送所需的PUSH_PLUS_TOKEN，取消push+推送消息通知
Feb 22 06:11:04 
Feb 22 06:11:07 您未提供企业微信机器人推送所需的QYWX_KEY，取消企业微信推送消息通知
Feb 22 06:11:07 
Feb 22 06:11:07 您未提供企业微信应用消息推送所需的QYWX_AM，取消企业微信应用消息推送消息通知
Feb 22 06:11:07 
Feb 22 06:11:07 您未提供iGot的推送IGOT_PUSH_KEY，取消iGot推送消息通知
Feb 22 06:11:07 
Feb 22 06:11:08 token is not exist
Feb 22 06:11:08 
Feb 22 06:11:08 找不到 Key 对应的 DeviceToken, 请确保 Key 正确! Key 可在 App 端注册获得。
Feb 22 06:11:08 
Feb 22 06:11:08 Telegram发送通知消息完成。
Feb 22 06:11:08 
Feb 22 06:11:08 
Feb 22 06:11:08 🔔东东超市, 结束! 🕛 7.155 秒
Feb 22 06:11:08 
