Feb 21 23:05:01 
Feb 21 23:05:01 🔔京东极速版红包, 开始!
Feb 21 23:05:02 
Feb 21 23:05:02 ====================共有1个京东账号Cookie=========
Feb 21 23:05:02 
Feb 21 23:05:02 ==================脚本执行- 北京时间(UTC+8)：2/21/2021, 11:05:02 PM=====================
Feb 21 23:05:02 
Feb 21 23:05:07 
Feb 21 23:05:07 ******开始【京东账号1】jd_wPcJDZeiQcAi*********
Feb 21 23:05:07 
Feb 21 23:05:07 
Feb 21 23:05:07 ==============📣系统通知📣==============
Feb 21 23:05:07 京东极速版红包
Feb 21 23:05:07 【提示】cookie已失效
Feb 21 23:05:07 京东账号1 jd_wPcJDZeiQcAi
Feb 21 23:05:07 请重新登录获取
Feb 21 23:05:07 https://bean.m.jd.com/bean/signIndex.action
Feb 21 23:05:07 您未提供push+推送所需的PUSH_PLUS_TOKEN，取消push+推送消息通知
Feb 21 23:05:07 
Feb 21 23:05:15 您未提供企业微信机器人推送所需的QYWX_KEY，取消企业微信推送消息通知
Feb 21 23:05:15 
Feb 21 23:05:15 您未提供企业微信应用消息推送所需的QYWX_AM，取消企业微信应用消息推送消息通知
Feb 21 23:05:15 
Feb 21 23:05:15 您未提供iGot的推送IGOT_PUSH_KEY，取消iGot推送消息通知
Feb 21 23:05:15 
Feb 21 23:05:16 token is not exist
Feb 21 23:05:16 
Feb 21 23:05:16 Telegram发送通知消息完成。
Feb 21 23:05:16 
Feb 21 23:05:16 找不到 Key 对应的 DeviceToken, 请确保 Key 正确! Key 可在 App 端注册获得。
Feb 21 23:05:16 
Feb 21 23:05:16 
Feb 21 23:05:16 🔔京东极速版红包, 结束! 🕛 14.59 秒
Feb 21 23:05:16 
